Linked: (/home/ctai/catkin_ws2/devel/.private/motoman_msgs/include/motoman_msgs/DynamicJointState.h, /home/ctai/catkin_ws2/devel/include/motoman_msgs/DynamicJointState.h)
Linked: (/home/ctai/catkin_ws2/devel/.private/motoman_msgs/include/motoman_msgs/CmdJointTrajectoryExResponse.h, /home/ctai/catkin_ws2/devel/include/motoman_msgs/CmdJointTrajectoryExResponse.h)
Linked: (/home/ctai/catkin_ws2/devel/.private/motoman_msgs/include/motoman_msgs/DynamicJointsGroup.h, /home/ctai/catkin_ws2/devel/include/motoman_msgs/DynamicJointsGroup.h)
Linked: (/home/ctai/catkin_ws2/devel/.private/motoman_msgs/include/motoman_msgs/CmdJointTrajectoryEx.h, /home/ctai/catkin_ws2/devel/include/motoman_msgs/CmdJointTrajectoryEx.h)
Linked: (/home/ctai/catkin_ws2/devel/.private/motoman_msgs/include/motoman_msgs/CmdJointTrajectoryExRequest.h, /home/ctai/catkin_ws2/devel/include/motoman_msgs/CmdJointTrajectoryExRequest.h)
Linked: (/home/ctai/catkin_ws2/devel/.private/motoman_msgs/include/motoman_msgs/DynamicJointTrajectoryFeedback.h, /home/ctai/catkin_ws2/devel/include/motoman_msgs/DynamicJointTrajectoryFeedback.h)
Linked: (/home/ctai/catkin_ws2/devel/.private/motoman_msgs/include/motoman_msgs/DynamicJointPoint.h, /home/ctai/catkin_ws2/devel/include/motoman_msgs/DynamicJointPoint.h)
Linked: (/home/ctai/catkin_ws2/devel/.private/motoman_msgs/include/motoman_msgs/DynamicJointTrajectory.h, /home/ctai/catkin_ws2/devel/include/motoman_msgs/DynamicJointTrajectory.h)
Linked: (/home/ctai/catkin_ws2/devel/.private/motoman_msgs/lib/pkgconfig/motoman_msgs.pc, /home/ctai/catkin_ws2/devel/lib/pkgconfig/motoman_msgs.pc)
Linked: (/home/ctai/catkin_ws2/devel/.private/motoman_msgs/lib/python2.7/dist-packages/motoman_msgs/__init__.py, /home/ctai/catkin_ws2/devel/lib/python2.7/dist-packages/motoman_msgs/__init__.py)
Linked: (/home/ctai/catkin_ws2/devel/.private/motoman_msgs/lib/python2.7/dist-packages/motoman_msgs/srv/__init__.py, /home/ctai/catkin_ws2/devel/lib/python2.7/dist-packages/motoman_msgs/srv/__init__.py)
Linked: (/home/ctai/catkin_ws2/devel/.private/motoman_msgs/lib/python2.7/dist-packages/motoman_msgs/srv/_CmdJointTrajectoryEx.py, /home/ctai/catkin_ws2/devel/lib/python2.7/dist-packages/motoman_msgs/srv/_CmdJointTrajectoryEx.py)
Linked: (/home/ctai/catkin_ws2/devel/.private/motoman_msgs/lib/python2.7/dist-packages/motoman_msgs/msg/__init__.py, /home/ctai/catkin_ws2/devel/lib/python2.7/dist-packages/motoman_msgs/msg/__init__.py)
Linked: (/home/ctai/catkin_ws2/devel/.private/motoman_msgs/lib/python2.7/dist-packages/motoman_msgs/msg/_DynamicJointState.py, /home/ctai/catkin_ws2/devel/lib/python2.7/dist-packages/motoman_msgs/msg/_DynamicJointState.py)
Linked: (/home/ctai/catkin_ws2/devel/.private/motoman_msgs/lib/python2.7/dist-packages/motoman_msgs/msg/_DynamicJointTrajectoryFeedback.py, /home/ctai/catkin_ws2/devel/lib/python2.7/dist-packages/motoman_msgs/msg/_DynamicJointTrajectoryFeedback.py)
Linked: (/home/ctai/catkin_ws2/devel/.private/motoman_msgs/lib/python2.7/dist-packages/motoman_msgs/msg/_DynamicJointPoint.py, /home/ctai/catkin_ws2/devel/lib/python2.7/dist-packages/motoman_msgs/msg/_DynamicJointPoint.py)
Linked: (/home/ctai/catkin_ws2/devel/.private/motoman_msgs/lib/python2.7/dist-packages/motoman_msgs/msg/_DynamicJointTrajectory.py, /home/ctai/catkin_ws2/devel/lib/python2.7/dist-packages/motoman_msgs/msg/_DynamicJointTrajectory.py)
Linked: (/home/ctai/catkin_ws2/devel/.private/motoman_msgs/lib/python2.7/dist-packages/motoman_msgs/msg/_DynamicJointsGroup.py, /home/ctai/catkin_ws2/devel/lib/python2.7/dist-packages/motoman_msgs/msg/_DynamicJointsGroup.py)
Linked: (/home/ctai/catkin_ws2/devel/.private/motoman_msgs/share/roseus/ros/motoman_msgs/manifest.l, /home/ctai/catkin_ws2/devel/share/roseus/ros/motoman_msgs/manifest.l)
Linked: (/home/ctai/catkin_ws2/devel/.private/motoman_msgs/share/roseus/ros/motoman_msgs/srv/CmdJointTrajectoryEx.l, /home/ctai/catkin_ws2/devel/share/roseus/ros/motoman_msgs/srv/CmdJointTrajectoryEx.l)
Linked: (/home/ctai/catkin_ws2/devel/.private/motoman_msgs/share/roseus/ros/motoman_msgs/msg/DynamicJointsGroup.l, /home/ctai/catkin_ws2/devel/share/roseus/ros/motoman_msgs/msg/DynamicJointsGroup.l)
Linked: (/home/ctai/catkin_ws2/devel/.private/motoman_msgs/share/roseus/ros/motoman_msgs/msg/DynamicJointState.l, /home/ctai/catkin_ws2/devel/share/roseus/ros/motoman_msgs/msg/DynamicJointState.l)
Linked: (/home/ctai/catkin_ws2/devel/.private/motoman_msgs/share/roseus/ros/motoman_msgs/msg/DynamicJointTrajectory.l, /home/ctai/catkin_ws2/devel/share/roseus/ros/motoman_msgs/msg/DynamicJointTrajectory.l)
Linked: (/home/ctai/catkin_ws2/devel/.private/motoman_msgs/share/roseus/ros/motoman_msgs/msg/DynamicJointTrajectoryFeedback.l, /home/ctai/catkin_ws2/devel/share/roseus/ros/motoman_msgs/msg/DynamicJointTrajectoryFeedback.l)
Linked: (/home/ctai/catkin_ws2/devel/.private/motoman_msgs/share/roseus/ros/motoman_msgs/msg/DynamicJointPoint.l, /home/ctai/catkin_ws2/devel/share/roseus/ros/motoman_msgs/msg/DynamicJointPoint.l)
Linked: (/home/ctai/catkin_ws2/devel/.private/motoman_msgs/share/common-lisp/ros/motoman_msgs/srv/_package_CmdJointTrajectoryEx.lisp, /home/ctai/catkin_ws2/devel/share/common-lisp/ros/motoman_msgs/srv/_package_CmdJointTrajectoryEx.lisp)
Linked: (/home/ctai/catkin_ws2/devel/.private/motoman_msgs/share/common-lisp/ros/motoman_msgs/srv/motoman_msgs-srv.asd, /home/ctai/catkin_ws2/devel/share/common-lisp/ros/motoman_msgs/srv/motoman_msgs-srv.asd)
Linked: (/home/ctai/catkin_ws2/devel/.private/motoman_msgs/share/common-lisp/ros/motoman_msgs/srv/_package.lisp, /home/ctai/catkin_ws2/devel/share/common-lisp/ros/motoman_msgs/srv/_package.lisp)
Linked: (/home/ctai/catkin_ws2/devel/.private/motoman_msgs/share/common-lisp/ros/motoman_msgs/srv/CmdJointTrajectoryEx.lisp, /home/ctai/catkin_ws2/devel/share/common-lisp/ros/motoman_msgs/srv/CmdJointTrajectoryEx.lisp)
Linked: (/home/ctai/catkin_ws2/devel/.private/motoman_msgs/share/common-lisp/ros/motoman_msgs/msg/DynamicJointState.lisp, /home/ctai/catkin_ws2/devel/share/common-lisp/ros/motoman_msgs/msg/DynamicJointState.lisp)
Linked: (/home/ctai/catkin_ws2/devel/.private/motoman_msgs/share/common-lisp/ros/motoman_msgs/msg/DynamicJointsGroup.lisp, /home/ctai/catkin_ws2/devel/share/common-lisp/ros/motoman_msgs/msg/DynamicJointsGroup.lisp)
Linked: (/home/ctai/catkin_ws2/devel/.private/motoman_msgs/share/common-lisp/ros/motoman_msgs/msg/DynamicJointTrajectoryFeedback.lisp, /home/ctai/catkin_ws2/devel/share/common-lisp/ros/motoman_msgs/msg/DynamicJointTrajectoryFeedback.lisp)
Linked: (/home/ctai/catkin_ws2/devel/.private/motoman_msgs/share/common-lisp/ros/motoman_msgs/msg/DynamicJointPoint.lisp, /home/ctai/catkin_ws2/devel/share/common-lisp/ros/motoman_msgs/msg/DynamicJointPoint.lisp)
Linked: (/home/ctai/catkin_ws2/devel/.private/motoman_msgs/share/common-lisp/ros/motoman_msgs/msg/_package.lisp, /home/ctai/catkin_ws2/devel/share/common-lisp/ros/motoman_msgs/msg/_package.lisp)
Linked: (/home/ctai/catkin_ws2/devel/.private/motoman_msgs/share/common-lisp/ros/motoman_msgs/msg/DynamicJointTrajectory.lisp, /home/ctai/catkin_ws2/devel/share/common-lisp/ros/motoman_msgs/msg/DynamicJointTrajectory.lisp)
Linked: (/home/ctai/catkin_ws2/devel/.private/motoman_msgs/share/common-lisp/ros/motoman_msgs/msg/_package_DynamicJointTrajectory.lisp, /home/ctai/catkin_ws2/devel/share/common-lisp/ros/motoman_msgs/msg/_package_DynamicJointTrajectory.lisp)
Linked: (/home/ctai/catkin_ws2/devel/.private/motoman_msgs/share/common-lisp/ros/motoman_msgs/msg/motoman_msgs-msg.asd, /home/ctai/catkin_ws2/devel/share/common-lisp/ros/motoman_msgs/msg/motoman_msgs-msg.asd)
Linked: (/home/ctai/catkin_ws2/devel/.private/motoman_msgs/share/common-lisp/ros/motoman_msgs/msg/_package_DynamicJointPoint.lisp, /home/ctai/catkin_ws2/devel/share/common-lisp/ros/motoman_msgs/msg/_package_DynamicJointPoint.lisp)
Linked: (/home/ctai/catkin_ws2/devel/.private/motoman_msgs/share/common-lisp/ros/motoman_msgs/msg/_package_DynamicJointsGroup.lisp, /home/ctai/catkin_ws2/devel/share/common-lisp/ros/motoman_msgs/msg/_package_DynamicJointsGroup.lisp)
Linked: (/home/ctai/catkin_ws2/devel/.private/motoman_msgs/share/common-lisp/ros/motoman_msgs/msg/_package_DynamicJointState.lisp, /home/ctai/catkin_ws2/devel/share/common-lisp/ros/motoman_msgs/msg/_package_DynamicJointState.lisp)
Linked: (/home/ctai/catkin_ws2/devel/.private/motoman_msgs/share/common-lisp/ros/motoman_msgs/msg/_package_DynamicJointTrajectoryFeedback.lisp, /home/ctai/catkin_ws2/devel/share/common-lisp/ros/motoman_msgs/msg/_package_DynamicJointTrajectoryFeedback.lisp)
Linked: (/home/ctai/catkin_ws2/devel/.private/motoman_msgs/share/motoman_msgs/cmake/motoman_msgs-msg-paths.cmake, /home/ctai/catkin_ws2/devel/share/motoman_msgs/cmake/motoman_msgs-msg-paths.cmake)
Linked: (/home/ctai/catkin_ws2/devel/.private/motoman_msgs/share/motoman_msgs/cmake/motoman_msgsConfig-version.cmake, /home/ctai/catkin_ws2/devel/share/motoman_msgs/cmake/motoman_msgsConfig-version.cmake)
Linked: (/home/ctai/catkin_ws2/devel/.private/motoman_msgs/share/motoman_msgs/cmake/motoman_msgs-msg-extras.cmake, /home/ctai/catkin_ws2/devel/share/motoman_msgs/cmake/motoman_msgs-msg-extras.cmake)
Linked: (/home/ctai/catkin_ws2/devel/.private/motoman_msgs/share/motoman_msgs/cmake/motoman_msgsConfig.cmake, /home/ctai/catkin_ws2/devel/share/motoman_msgs/cmake/motoman_msgsConfig.cmake)
Linked: (/home/ctai/catkin_ws2/devel/.private/motoman_msgs/share/gennodejs/ros/motoman_msgs/_index.js, /home/ctai/catkin_ws2/devel/share/gennodejs/ros/motoman_msgs/_index.js)
Linked: (/home/ctai/catkin_ws2/devel/.private/motoman_msgs/share/gennodejs/ros/motoman_msgs/srv/_index.js, /home/ctai/catkin_ws2/devel/share/gennodejs/ros/motoman_msgs/srv/_index.js)
Linked: (/home/ctai/catkin_ws2/devel/.private/motoman_msgs/share/gennodejs/ros/motoman_msgs/srv/CmdJointTrajectoryEx.js, /home/ctai/catkin_ws2/devel/share/gennodejs/ros/motoman_msgs/srv/CmdJointTrajectoryEx.js)
Linked: (/home/ctai/catkin_ws2/devel/.private/motoman_msgs/share/gennodejs/ros/motoman_msgs/msg/_index.js, /home/ctai/catkin_ws2/devel/share/gennodejs/ros/motoman_msgs/msg/_index.js)
Linked: (/home/ctai/catkin_ws2/devel/.private/motoman_msgs/share/gennodejs/ros/motoman_msgs/msg/DynamicJointTrajectory.js, /home/ctai/catkin_ws2/devel/share/gennodejs/ros/motoman_msgs/msg/DynamicJointTrajectory.js)
Linked: (/home/ctai/catkin_ws2/devel/.private/motoman_msgs/share/gennodejs/ros/motoman_msgs/msg/DynamicJointPoint.js, /home/ctai/catkin_ws2/devel/share/gennodejs/ros/motoman_msgs/msg/DynamicJointPoint.js)
Linked: (/home/ctai/catkin_ws2/devel/.private/motoman_msgs/share/gennodejs/ros/motoman_msgs/msg/DynamicJointState.js, /home/ctai/catkin_ws2/devel/share/gennodejs/ros/motoman_msgs/msg/DynamicJointState.js)
Linked: (/home/ctai/catkin_ws2/devel/.private/motoman_msgs/share/gennodejs/ros/motoman_msgs/msg/DynamicJointsGroup.js, /home/ctai/catkin_ws2/devel/share/gennodejs/ros/motoman_msgs/msg/DynamicJointsGroup.js)
Linked: (/home/ctai/catkin_ws2/devel/.private/motoman_msgs/share/gennodejs/ros/motoman_msgs/msg/DynamicJointTrajectoryFeedback.js, /home/ctai/catkin_ws2/devel/share/gennodejs/ros/motoman_msgs/msg/DynamicJointTrajectoryFeedback.js)
