[  0%] Built target trajectory_msgs_generate_messages_eus
[  0%] Built target industrial_msgs_generate_messages_eus
[  0%] Built target std_msgs_generate_messages_eus
[  0%] Built target _motoman_msgs_generate_messages_check_deps_CmdJointTrajectoryEx
[  0%] Built target _motoman_msgs_generate_messages_check_deps_DynamicJointTrajectoryFeedback
[  0%] Built target _motoman_msgs_generate_messages_check_deps_DynamicJointsGroup
[  0%] Built target trajectory_msgs_generate_messages_cpp
[  0%] [  0%] Built target _motoman_msgs_generate_messages_check_deps_DynamicJointTrajectory
[  0%] Built target _motoman_msgs_generate_messages_check_deps_DynamicJointState
Built target std_msgs_generate_messages_cpp
[  0%] [  0%] Built target industrial_msgs_generate_messages_cpp
Built target std_msgs_generate_messages_nodejs
[  0%] Built target industrial_msgs_generate_messages_nodejs
[  0%] Built target trajectory_msgs_generate_messages_nodejs
[  0%] Built target trajectory_msgs_generate_messages_py
[  0%] Built target std_msgs_generate_messages_py
[  0%] [  0%] Built target industrial_msgs_generate_messages_lisp
Built target _motoman_msgs_generate_messages_check_deps_DynamicJointPoint
[  0%] [  0%] Built target industrial_msgs_generate_messages_py
Built target std_msgs_generate_messages_lisp
[  0%] Built target trajectory_msgs_generate_messages_lisp
[ 36%] [ 36%] Built target motoman_msgs_generate_messages_cpp
Built target motoman_msgs_generate_messages_nodejs
[ 60%] Built target motoman_msgs_generate_messages_py
[ 81%] Built target motoman_msgs_generate_messages_eus
[100%] Built target motoman_msgs_generate_messages_lisp
[100%] Built target motoman_msgs_generate_messages
