[  0%] Built target _motoman_msgs_generate_messages_check_deps_CmdJointTrajectoryEx
[  0%] Built target _motoman_msgs_generate_messages_check_deps_DynamicJointsGroup
[  0%] Built target industrial_msgs_generate_messages_eus
[  0%] Built target _motoman_msgs_generate_messages_check_deps_DynamicJointTrajectoryFeedback
[  0%] Built target trajectory_msgs_generate_messages_eus
[  0%] Built target std_msgs_generate_messages_eus
[  0%] Built target _motoman_msgs_generate_messages_check_deps_DynamicJointTrajectory
[  0%] Built target _motoman_msgs_generate_messages_check_deps_DynamicJointPoint
[  0%] Built target _motoman_msgs_generate_messages_check_deps_DynamicJointState
[  0%] [  0%] Built target trajectory_msgs_generate_messages_cpp
Built target std_msgs_generate_messages_cpp
[  0%] Built target std_msgs_generate_messages_nodejs
[  0%] Built target industrial_msgs_generate_messages_nodejs
[  0%] Built target industrial_msgs_generate_messages_cpp
[  0%] Built target trajectory_msgs_generate_messages_nodejs
[  0%] [  0%] [  0%] Built target std_msgs_generate_messages_py
Built target trajectory_msgs_generate_messages_py
Built target industrial_msgs_generate_messages_py
[  0%] Built target industrial_msgs_generate_messages_lisp
[  0%] Built target std_msgs_generate_messages_lisp
[  0%] Built target trajectory_msgs_generate_messages_lisp
[ 21%] [ 45%] Built target motoman_msgs_generate_messages_eus
[ 81%] [ 81%] Built target motoman_msgs_generate_messages_py
Built target motoman_msgs_generate_messages_nodejs
Built target motoman_msgs_generate_messages_cpp
[100%] Built target motoman_msgs_generate_messages_lisp
[100%] Built target motoman_msgs_generate_messages
