[  0%] [  0%] Built target industrial_msgs_generate_messages_eus
Built target trajectory_msgs_generate_messages_eus
[  0%] Built target std_msgs_generate_messages_eus
[  0%] Built target _motoman_msgs_generate_messages_check_deps_CmdJointTrajectoryEx
[  0%] Built target _motoman_msgs_generate_messages_check_deps_DynamicJointsGroup
[  0%] Built target _motoman_msgs_generate_messages_check_deps_DynamicJointTrajectoryFeedback
[  0%] [  0%] Built target trajectory_msgs_generate_messages_cpp
Built target std_msgs_generate_messages_cpp
[  0%] Built target _motoman_msgs_generate_messages_check_deps_DynamicJointTrajectory
[  0%] [  0%] Built target std_msgs_generate_messages_nodejs
Built target industrial_msgs_generate_messages_cpp
[  0%] [  0%] [  0%] Built target industrial_msgs_generate_messages_nodejs
Built target _motoman_msgs_generate_messages_check_deps_DynamicJointState
Built target trajectory_msgs_generate_messages_nodejs
[  0%] Built target std_msgs_generate_messages_py
[  0%] [  0%] [  0%] [  0%] Built target trajectory_msgs_generate_messages_py
Built target industrial_msgs_generate_messages_py
Built target industrial_msgs_generate_messages_lisp
Built target _motoman_msgs_generate_messages_check_deps_DynamicJointPoint
[  0%] Built target std_msgs_generate_messages_lisp
[  0%] Built target trajectory_msgs_generate_messages_lisp
[ 21%] Built target motoman_msgs_generate_messages_eus
[ 39%] Built target motoman_msgs_generate_messages_cpp
[ 57%] Built target motoman_msgs_generate_messages_nodejs
[ 81%] Built target motoman_msgs_generate_messages_py
[100%] Built target motoman_msgs_generate_messages_lisp
[100%] Built target motoman_msgs_generate_messages
