[  0%] Built target moveit_ros_manipulation_gencfg
[  0%] Built target actionlib_generate_messages_nodejs
[  0%] Built target geometry_msgs_generate_messages_eus
[  0%] Built target std_msgs_generate_messages_lisp
[  0%] Built target roscpp_generate_messages_nodejs
[  0%] Built target sensor_msgs_generate_messages_cpp
[  0%] Built target sensor_msgs_generate_messages_eus
[  0%] Built target tf_generate_messages_py
[  0%] Built target sensor_msgs_generate_messages_lisp
[  0%] Built target sensor_msgs_generate_messages_nodejs
[  0%] Built target sensor_msgs_generate_messages_py
[  0%] Built target geometry_msgs_generate_messages_nodejs
[  0%] Built target tf_generate_messages_nodejs
[  0%] Built target roscpp_generate_messages_py
[  0%] Built target tf_generate_messages_eus
[  0%] Built target roscpp_generate_messages_lisp
[  0%] Built target geometry_msgs_generate_messages_lisp
[  0%] Built target actionlib_generate_messages_eus
[  0%] Built target geometry_msgs_generate_messages_cpp
[  0%] Built target geometry_msgs_generate_messages_py
[  0%] [  0%] Built target roscpp_generate_messages_cpp
Built target tf_generate_messages_lisp
[  0%] Built target actionlib_generate_messages_cpp
[  0%] Built target roscpp_generate_messages_eus
[  0%] Built target std_srvs_generate_messages_lisp
[  0%] Built target rosgraph_msgs_generate_messages_eus
[  0%] Built target rosgraph_msgs_generate_messages_lisp
[  0%] [  0%] Built target rosgraph_msgs_generate_messages_cpp
Built target tf_generate_messages_cpp
[  0%] Built target tf2_msgs_generate_messages_nodejs
[  0%] Built target std_msgs_generate_messages_eus
[  0%] Built target rosgraph_msgs_generate_messages_nodejs
[  0%] [  0%] Built target actionlib_msgs_generate_messages_cpp
Built target rosgraph_msgs_generate_messages_py
[  0%] Built target industrial_extrinsic_cal_generate_messages_cpp
[  0%] [  0%] Built target std_msgs_generate_messages_cpp
Built target industrial_extrinsic_cal_generate_messages_lisp
[  0%] Built target actionlib_generate_messages_lisp
[  0%] Built target std_msgs_generate_messages_nodejs
[  0%] [  0%] Built target std_msgs_generate_messages_py
Built target actionlib_generate_messages_py
[  0%] Built target moveit_msgs_generate_messages_nodejs
[  0%] Built target tf2_msgs_generate_messages_py
[  0%] Built target actionlib_msgs_generate_messages_lisp
[  0%] Built target actionlib_msgs_generate_messages_nodejs
[  0%] [  0%] Built target actionlib_msgs_generate_messages_py
Built target actionlib_msgs_generate_messages_eus
[  0%] Built target tf2_msgs_generate_messages_lisp
[  0%] [  0%] Built target industrial_extrinsic_cal_generate_messages_nodejs
Built target industrial_extrinsic_cal_generate_messages_py
[  0%] Built target industrial_extrinsic_cal_generate_messages_eus
[  0%] [  0%] Built target std_srvs_generate_messages_eus
Built target tf2_msgs_generate_messages_eus
[  0%] Built target moveit_ros_planning_gencfg
[  0%] Built target tf2_msgs_generate_messages_cpp
[  0%] Built target industrial_extrinsic_cal_gencfg
[  0%] Built target shape_msgs_generate_messages_cpp
[  0%] [  0%] Built target visualization_msgs_generate_messages_cpp
Built target trajectory_msgs_generate_messages_cpp
[  0%] Built target visualization_msgs_generate_messages_eus
[  0%] Built target visualization_msgs_generate_messages_lisp
[  0%] Built target moveit_msgs_generate_messages_eus
[  0%] Built target visualization_msgs_generate_messages_nodejs
[  0%] Built target visualization_msgs_generate_messages_py
[  0%] Built target shape_msgs_generate_messages_eus
[  0%] Built target shape_msgs_generate_messages_lisp
[  0%] Built target shape_msgs_generate_messages_nodejs
[  0%] Built target shape_msgs_generate_messages_py
[  0%] Built target std_srvs_generate_messages_py
[  0%] Built target moveit_msgs_generate_messages_cpp
[  0%] Built target object_recognition_msgs_generate_messages_cpp
[  0%] Built target object_recognition_msgs_generate_messages_eus
[  0%] Built target object_recognition_msgs_generate_messages_lisp
[  0%] Built target std_srvs_generate_messages_nodejs
[  0%] Built target trajectory_msgs_generate_messages_eus
[  0%] [  0%] Built target octomap_msgs_generate_messages_cpp
Built target trajectory_msgs_generate_messages_py
[  0%] [  0%] Built target moveit_msgs_generate_messages_py
Built target moveit_msgs_generate_messages_lisp
[  0%] Built target object_recognition_msgs_generate_messages_nodejs
[  0%] Built target object_recognition_msgs_generate_messages_py
[  0%] Built target octomap_msgs_generate_messages_eus
[  0%] Built target octomap_msgs_generate_messages_lisp
[  0%] [  0%] [  0%] Built target trajectory_msgs_generate_messages_lisp
Built target trajectory_msgs_generate_messages_nodejs
Built target std_srvs_generate_messages_cpp
[  0%] Built target octomap_msgs_generate_messages_py
[  0%] Built target octomap_msgs_generate_messages_nodejs
[ 50%] Built target caljob_creator_node
[100%] Built target joint_traj_node
