Determining if the pthread_create exist failed with the following output:
Change Dir: /home/ctai/catkin_ws2/build/motoman_sda10f_moveit_config/CMakeFiles/CMakeTmp

Run Build Command:"/usr/bin/make" "cmTryCompileExec4196195886/fast"
/usr/bin/make -f CMakeFiles/cmTryCompileExec4196195886.dir/build.make CMakeFiles/cmTryCompileExec4196195886.dir/build
make[1]: Entering directory '/home/ctai/catkin_ws2/build/motoman_sda10f_moveit_config/CMakeFiles/CMakeTmp'
/usr/local/bin/cmake -E cmake_progress_report /home/ctai/catkin_ws2/build/motoman_sda10f_moveit_config/CMakeFiles/CMakeTmp/CMakeFiles 1
Building C object CMakeFiles/cmTryCompileExec4196195886.dir/CheckSymbolExists.c.o
/usr/bin/cc    -o CMakeFiles/cmTryCompileExec4196195886.dir/CheckSymbolExists.c.o   -c /home/ctai/catkin_ws2/build/motoman_sda10f_moveit_config/CMakeFiles/CMakeTmp/CheckSymbolExists.c
Linking C executable cmTryCompileExec4196195886
/usr/local/bin/cmake -E cmake_link_script CMakeFiles/cmTryCompileExec4196195886.dir/link.txt --verbose=1
/usr/bin/cc       CMakeFiles/cmTryCompileExec4196195886.dir/CheckSymbolExists.c.o  -o cmTryCompileExec4196195886 -rdynamic 
CMakeFiles/cmTryCompileExec4196195886.dir/CheckSymbolExists.c.o: In function `main':
CheckSymbolExists.c:(.text+0x16): undefined reference to `pthread_create'
collect2: error: ld returned 1 exit status
CMakeFiles/cmTryCompileExec4196195886.dir/build.make:88: recipe for target 'cmTryCompileExec4196195886' failed
make[1]: *** [cmTryCompileExec4196195886] Error 1
make[1]: Leaving directory '/home/ctai/catkin_ws2/build/motoman_sda10f_moveit_config/CMakeFiles/CMakeTmp'
Makefile:117: recipe for target 'cmTryCompileExec4196195886/fast' failed
make: *** [cmTryCompileExec4196195886/fast] Error 2

File /home/ctai/catkin_ws2/build/motoman_sda10f_moveit_config/CMakeFiles/CMakeTmp/CheckSymbolExists.c:
/* */
#include <pthread.h>

int main(int argc, char** argv)
{
  (void)argv;
#ifndef pthread_create
  return ((int*)(&pthread_create))[argc];
#else
  (void)argc;
  return 0;
#endif
}

Determining if the function pthread_create exists in the pthreads failed with the following output:
Change Dir: /home/ctai/catkin_ws2/build/motoman_sda10f_moveit_config/CMakeFiles/CMakeTmp

Run Build Command:"/usr/bin/make" "cmTryCompileExec4281452001/fast"
/usr/bin/make -f CMakeFiles/cmTryCompileExec4281452001.dir/build.make CMakeFiles/cmTryCompileExec4281452001.dir/build
make[1]: Entering directory '/home/ctai/catkin_ws2/build/motoman_sda10f_moveit_config/CMakeFiles/CMakeTmp'
/usr/local/bin/cmake -E cmake_progress_report /home/ctai/catkin_ws2/build/motoman_sda10f_moveit_config/CMakeFiles/CMakeTmp/CMakeFiles 1
Building C object CMakeFiles/cmTryCompileExec4281452001.dir/CheckFunctionExists.c.o
/usr/bin/cc   -DCHECK_FUNCTION_EXISTS=pthread_create   -o CMakeFiles/cmTryCompileExec4281452001.dir/CheckFunctionExists.c.o   -c /usr/local/share/cmake-3.2/Modules/CheckFunctionExists.c
Linking C executable cmTryCompileExec4281452001
/usr/local/bin/cmake -E cmake_link_script CMakeFiles/cmTryCompileExec4281452001.dir/link.txt --verbose=1
/usr/bin/cc   -DCHECK_FUNCTION_EXISTS=pthread_create    CMakeFiles/cmTryCompileExec4281452001.dir/CheckFunctionExists.c.o  -o cmTryCompileExec4281452001 -rdynamic -lpthreads 
/usr/bin/ld: cannot find -lpthreads
collect2: error: ld returned 1 exit status
CMakeFiles/cmTryCompileExec4281452001.dir/build.make:88: recipe for target 'cmTryCompileExec4281452001' failed
make[1]: *** [cmTryCompileExec4281452001] Error 1
make[1]: Leaving directory '/home/ctai/catkin_ws2/build/motoman_sda10f_moveit_config/CMakeFiles/CMakeTmp'
Makefile:117: recipe for target 'cmTryCompileExec4281452001/fast' failed
make: *** [cmTryCompileExec4281452001/fast] Error 2


