Linked: (/home/ctai/catkin_ws2/devel/.private/robo_cylinder/include/robo_cylinder/StringCmdRequest.h, /home/ctai/catkin_ws2/devel/include/robo_cylinder/StringCmdRequest.h)
Linked: (/home/ctai/catkin_ws2/devel/.private/robo_cylinder/include/robo_cylinder/PowerIO.h, /home/ctai/catkin_ws2/devel/include/robo_cylinder/PowerIO.h)
Linked: (/home/ctai/catkin_ws2/devel/.private/robo_cylinder/include/robo_cylinder/HomeCmdRequest.h, /home/ctai/catkin_ws2/devel/include/robo_cylinder/HomeCmdRequest.h)
Linked: (/home/ctai/catkin_ws2/devel/.private/robo_cylinder/include/robo_cylinder/HomeCmdResponse.h, /home/ctai/catkin_ws2/devel/include/robo_cylinder/HomeCmdResponse.h)
Linked: (/home/ctai/catkin_ws2/devel/.private/robo_cylinder/include/robo_cylinder/PowerIORequest.h, /home/ctai/catkin_ws2/devel/include/robo_cylinder/PowerIORequest.h)
Linked: (/home/ctai/catkin_ws2/devel/.private/robo_cylinder/include/robo_cylinder/MoveMeters.h, /home/ctai/catkin_ws2/devel/include/robo_cylinder/MoveMeters.h)
Linked: (/home/ctai/catkin_ws2/devel/.private/robo_cylinder/include/robo_cylinder/StringCmdResponse.h, /home/ctai/catkin_ws2/devel/include/robo_cylinder/StringCmdResponse.h)
Linked: (/home/ctai/catkin_ws2/devel/.private/robo_cylinder/include/robo_cylinder/StatusUpdateRequest.h, /home/ctai/catkin_ws2/devel/include/robo_cylinder/StatusUpdateRequest.h)
Linked: (/home/ctai/catkin_ws2/devel/.private/robo_cylinder/include/robo_cylinder/VelAcc.h, /home/ctai/catkin_ws2/devel/include/robo_cylinder/VelAcc.h)
Linked: (/home/ctai/catkin_ws2/devel/.private/robo_cylinder/include/robo_cylinder/StatusUpdate.h, /home/ctai/catkin_ws2/devel/include/robo_cylinder/StatusUpdate.h)
Linked: (/home/ctai/catkin_ws2/devel/.private/robo_cylinder/include/robo_cylinder/PowerIOResponse.h, /home/ctai/catkin_ws2/devel/include/robo_cylinder/PowerIOResponse.h)
Linked: (/home/ctai/catkin_ws2/devel/.private/robo_cylinder/include/robo_cylinder/HomeCmd.h, /home/ctai/catkin_ws2/devel/include/robo_cylinder/HomeCmd.h)
Linked: (/home/ctai/catkin_ws2/devel/.private/robo_cylinder/include/robo_cylinder/MovePulses.h, /home/ctai/catkin_ws2/devel/include/robo_cylinder/MovePulses.h)
Linked: (/home/ctai/catkin_ws2/devel/.private/robo_cylinder/include/robo_cylinder/StringCmd.h, /home/ctai/catkin_ws2/devel/include/robo_cylinder/StringCmd.h)
Linked: (/home/ctai/catkin_ws2/devel/.private/robo_cylinder/include/robo_cylinder/StatusUpdateResponse.h, /home/ctai/catkin_ws2/devel/include/robo_cylinder/StatusUpdateResponse.h)
Linked: (/home/ctai/catkin_ws2/devel/.private/robo_cylinder/include/robo_cylinder/MoveMetersRequest.h, /home/ctai/catkin_ws2/devel/include/robo_cylinder/MoveMetersRequest.h)
Linked: (/home/ctai/catkin_ws2/devel/.private/robo_cylinder/include/robo_cylinder/VelAccRequest.h, /home/ctai/catkin_ws2/devel/include/robo_cylinder/VelAccRequest.h)
Linked: (/home/ctai/catkin_ws2/devel/.private/robo_cylinder/include/robo_cylinder/VelAccResponse.h, /home/ctai/catkin_ws2/devel/include/robo_cylinder/VelAccResponse.h)
Linked: (/home/ctai/catkin_ws2/devel/.private/robo_cylinder/include/robo_cylinder/MovePulsesResponse.h, /home/ctai/catkin_ws2/devel/include/robo_cylinder/MovePulsesResponse.h)
Linked: (/home/ctai/catkin_ws2/devel/.private/robo_cylinder/include/robo_cylinder/MoveMetersResponse.h, /home/ctai/catkin_ws2/devel/include/robo_cylinder/MoveMetersResponse.h)
Linked: (/home/ctai/catkin_ws2/devel/.private/robo_cylinder/include/robo_cylinder/MovePulsesRequest.h, /home/ctai/catkin_ws2/devel/include/robo_cylinder/MovePulsesRequest.h)
Linked: (/home/ctai/catkin_ws2/devel/.private/robo_cylinder/lib/pkgconfig/robo_cylinder.pc, /home/ctai/catkin_ws2/devel/lib/pkgconfig/robo_cylinder.pc)
Linked: (/home/ctai/catkin_ws2/devel/.private/robo_cylinder/lib/python2.7/dist-packages/robo_cylinder/__init__.py, /home/ctai/catkin_ws2/devel/lib/python2.7/dist-packages/robo_cylinder/__init__.py)
Linked: (/home/ctai/catkin_ws2/devel/.private/robo_cylinder/lib/python2.7/dist-packages/robo_cylinder/srv/__init__.py, /home/ctai/catkin_ws2/devel/lib/python2.7/dist-packages/robo_cylinder/srv/__init__.py)
Linked: (/home/ctai/catkin_ws2/devel/.private/robo_cylinder/lib/python2.7/dist-packages/robo_cylinder/srv/_HomeCmd.py, /home/ctai/catkin_ws2/devel/lib/python2.7/dist-packages/robo_cylinder/srv/_HomeCmd.py)
Linked: (/home/ctai/catkin_ws2/devel/.private/robo_cylinder/lib/python2.7/dist-packages/robo_cylinder/srv/_PowerIO.py, /home/ctai/catkin_ws2/devel/lib/python2.7/dist-packages/robo_cylinder/srv/_PowerIO.py)
Linked: (/home/ctai/catkin_ws2/devel/.private/robo_cylinder/lib/python2.7/dist-packages/robo_cylinder/srv/_StringCmd.py, /home/ctai/catkin_ws2/devel/lib/python2.7/dist-packages/robo_cylinder/srv/_StringCmd.py)
Linked: (/home/ctai/catkin_ws2/devel/.private/robo_cylinder/lib/python2.7/dist-packages/robo_cylinder/srv/_MovePulses.py, /home/ctai/catkin_ws2/devel/lib/python2.7/dist-packages/robo_cylinder/srv/_MovePulses.py)
Linked: (/home/ctai/catkin_ws2/devel/.private/robo_cylinder/lib/python2.7/dist-packages/robo_cylinder/srv/_MoveMeters.py, /home/ctai/catkin_ws2/devel/lib/python2.7/dist-packages/robo_cylinder/srv/_MoveMeters.py)
Linked: (/home/ctai/catkin_ws2/devel/.private/robo_cylinder/lib/python2.7/dist-packages/robo_cylinder/srv/_VelAcc.py, /home/ctai/catkin_ws2/devel/lib/python2.7/dist-packages/robo_cylinder/srv/_VelAcc.py)
Linked: (/home/ctai/catkin_ws2/devel/.private/robo_cylinder/lib/python2.7/dist-packages/robo_cylinder/srv/_StatusUpdate.py, /home/ctai/catkin_ws2/devel/lib/python2.7/dist-packages/robo_cylinder/srv/_StatusUpdate.py)
Linked: (/home/ctai/catkin_ws2/devel/.private/robo_cylinder/share/roseus/ros/robo_cylinder/manifest.l, /home/ctai/catkin_ws2/devel/share/roseus/ros/robo_cylinder/manifest.l)
Linked: (/home/ctai/catkin_ws2/devel/.private/robo_cylinder/share/roseus/ros/robo_cylinder/srv/MovePulses.l, /home/ctai/catkin_ws2/devel/share/roseus/ros/robo_cylinder/srv/MovePulses.l)
Linked: (/home/ctai/catkin_ws2/devel/.private/robo_cylinder/share/roseus/ros/robo_cylinder/srv/PowerIO.l, /home/ctai/catkin_ws2/devel/share/roseus/ros/robo_cylinder/srv/PowerIO.l)
Linked: (/home/ctai/catkin_ws2/devel/.private/robo_cylinder/share/roseus/ros/robo_cylinder/srv/StringCmd.l, /home/ctai/catkin_ws2/devel/share/roseus/ros/robo_cylinder/srv/StringCmd.l)
Linked: (/home/ctai/catkin_ws2/devel/.private/robo_cylinder/share/roseus/ros/robo_cylinder/srv/VelAcc.l, /home/ctai/catkin_ws2/devel/share/roseus/ros/robo_cylinder/srv/VelAcc.l)
Linked: (/home/ctai/catkin_ws2/devel/.private/robo_cylinder/share/roseus/ros/robo_cylinder/srv/HomeCmd.l, /home/ctai/catkin_ws2/devel/share/roseus/ros/robo_cylinder/srv/HomeCmd.l)
Linked: (/home/ctai/catkin_ws2/devel/.private/robo_cylinder/share/roseus/ros/robo_cylinder/srv/MoveMeters.l, /home/ctai/catkin_ws2/devel/share/roseus/ros/robo_cylinder/srv/MoveMeters.l)
Linked: (/home/ctai/catkin_ws2/devel/.private/robo_cylinder/share/roseus/ros/robo_cylinder/srv/StatusUpdate.l, /home/ctai/catkin_ws2/devel/share/roseus/ros/robo_cylinder/srv/StatusUpdate.l)
Linked: (/home/ctai/catkin_ws2/devel/.private/robo_cylinder/share/robo_cylinder/cmake/robo_cylinder-msg-paths.cmake, /home/ctai/catkin_ws2/devel/share/robo_cylinder/cmake/robo_cylinder-msg-paths.cmake)
Linked: (/home/ctai/catkin_ws2/devel/.private/robo_cylinder/share/robo_cylinder/cmake/robo_cylinderConfig-version.cmake, /home/ctai/catkin_ws2/devel/share/robo_cylinder/cmake/robo_cylinderConfig-version.cmake)
Linked: (/home/ctai/catkin_ws2/devel/.private/robo_cylinder/share/robo_cylinder/cmake/robo_cylinderConfig.cmake, /home/ctai/catkin_ws2/devel/share/robo_cylinder/cmake/robo_cylinderConfig.cmake)
Linked: (/home/ctai/catkin_ws2/devel/.private/robo_cylinder/share/robo_cylinder/cmake/robo_cylinder-msg-extras.cmake, /home/ctai/catkin_ws2/devel/share/robo_cylinder/cmake/robo_cylinder-msg-extras.cmake)
Linked: (/home/ctai/catkin_ws2/devel/.private/robo_cylinder/share/common-lisp/ros/robo_cylinder/srv/_package_StatusUpdate.lisp, /home/ctai/catkin_ws2/devel/share/common-lisp/ros/robo_cylinder/srv/_package_StatusUpdate.lisp)
Linked: (/home/ctai/catkin_ws2/devel/.private/robo_cylinder/share/common-lisp/ros/robo_cylinder/srv/StatusUpdate.lisp, /home/ctai/catkin_ws2/devel/share/common-lisp/ros/robo_cylinder/srv/StatusUpdate.lisp)
Linked: (/home/ctai/catkin_ws2/devel/.private/robo_cylinder/share/common-lisp/ros/robo_cylinder/srv/PowerIO.lisp, /home/ctai/catkin_ws2/devel/share/common-lisp/ros/robo_cylinder/srv/PowerIO.lisp)
Linked: (/home/ctai/catkin_ws2/devel/.private/robo_cylinder/share/common-lisp/ros/robo_cylinder/srv/_package_MoveMeters.lisp, /home/ctai/catkin_ws2/devel/share/common-lisp/ros/robo_cylinder/srv/_package_MoveMeters.lisp)
Linked: (/home/ctai/catkin_ws2/devel/.private/robo_cylinder/share/common-lisp/ros/robo_cylinder/srv/_package_PowerIO.lisp, /home/ctai/catkin_ws2/devel/share/common-lisp/ros/robo_cylinder/srv/_package_PowerIO.lisp)
Linked: (/home/ctai/catkin_ws2/devel/.private/robo_cylinder/share/common-lisp/ros/robo_cylinder/srv/_package_MovePulses.lisp, /home/ctai/catkin_ws2/devel/share/common-lisp/ros/robo_cylinder/srv/_package_MovePulses.lisp)
Linked: (/home/ctai/catkin_ws2/devel/.private/robo_cylinder/share/common-lisp/ros/robo_cylinder/srv/VelAcc.lisp, /home/ctai/catkin_ws2/devel/share/common-lisp/ros/robo_cylinder/srv/VelAcc.lisp)
Linked: (/home/ctai/catkin_ws2/devel/.private/robo_cylinder/share/common-lisp/ros/robo_cylinder/srv/robo_cylinder-srv.asd, /home/ctai/catkin_ws2/devel/share/common-lisp/ros/robo_cylinder/srv/robo_cylinder-srv.asd)
Linked: (/home/ctai/catkin_ws2/devel/.private/robo_cylinder/share/common-lisp/ros/robo_cylinder/srv/_package_StringCmd.lisp, /home/ctai/catkin_ws2/devel/share/common-lisp/ros/robo_cylinder/srv/_package_StringCmd.lisp)
Linked: (/home/ctai/catkin_ws2/devel/.private/robo_cylinder/share/common-lisp/ros/robo_cylinder/srv/_package_HomeCmd.lisp, /home/ctai/catkin_ws2/devel/share/common-lisp/ros/robo_cylinder/srv/_package_HomeCmd.lisp)
Linked: (/home/ctai/catkin_ws2/devel/.private/robo_cylinder/share/common-lisp/ros/robo_cylinder/srv/_package_VelAcc.lisp, /home/ctai/catkin_ws2/devel/share/common-lisp/ros/robo_cylinder/srv/_package_VelAcc.lisp)
Linked: (/home/ctai/catkin_ws2/devel/.private/robo_cylinder/share/common-lisp/ros/robo_cylinder/srv/_package.lisp, /home/ctai/catkin_ws2/devel/share/common-lisp/ros/robo_cylinder/srv/_package.lisp)
Linked: (/home/ctai/catkin_ws2/devel/.private/robo_cylinder/share/common-lisp/ros/robo_cylinder/srv/MoveMeters.lisp, /home/ctai/catkin_ws2/devel/share/common-lisp/ros/robo_cylinder/srv/MoveMeters.lisp)
Linked: (/home/ctai/catkin_ws2/devel/.private/robo_cylinder/share/common-lisp/ros/robo_cylinder/srv/MovePulses.lisp, /home/ctai/catkin_ws2/devel/share/common-lisp/ros/robo_cylinder/srv/MovePulses.lisp)
Linked: (/home/ctai/catkin_ws2/devel/.private/robo_cylinder/share/common-lisp/ros/robo_cylinder/srv/StringCmd.lisp, /home/ctai/catkin_ws2/devel/share/common-lisp/ros/robo_cylinder/srv/StringCmd.lisp)
Linked: (/home/ctai/catkin_ws2/devel/.private/robo_cylinder/share/common-lisp/ros/robo_cylinder/srv/HomeCmd.lisp, /home/ctai/catkin_ws2/devel/share/common-lisp/ros/robo_cylinder/srv/HomeCmd.lisp)
Linked: (/home/ctai/catkin_ws2/devel/.private/robo_cylinder/share/gennodejs/ros/robo_cylinder/_index.js, /home/ctai/catkin_ws2/devel/share/gennodejs/ros/robo_cylinder/_index.js)
Linked: (/home/ctai/catkin_ws2/devel/.private/robo_cylinder/share/gennodejs/ros/robo_cylinder/srv/PowerIO.js, /home/ctai/catkin_ws2/devel/share/gennodejs/ros/robo_cylinder/srv/PowerIO.js)
Linked: (/home/ctai/catkin_ws2/devel/.private/robo_cylinder/share/gennodejs/ros/robo_cylinder/srv/StatusUpdate.js, /home/ctai/catkin_ws2/devel/share/gennodejs/ros/robo_cylinder/srv/StatusUpdate.js)
Linked: (/home/ctai/catkin_ws2/devel/.private/robo_cylinder/share/gennodejs/ros/robo_cylinder/srv/MovePulses.js, /home/ctai/catkin_ws2/devel/share/gennodejs/ros/robo_cylinder/srv/MovePulses.js)
Linked: (/home/ctai/catkin_ws2/devel/.private/robo_cylinder/share/gennodejs/ros/robo_cylinder/srv/_index.js, /home/ctai/catkin_ws2/devel/share/gennodejs/ros/robo_cylinder/srv/_index.js)
Linked: (/home/ctai/catkin_ws2/devel/.private/robo_cylinder/share/gennodejs/ros/robo_cylinder/srv/VelAcc.js, /home/ctai/catkin_ws2/devel/share/gennodejs/ros/robo_cylinder/srv/VelAcc.js)
Linked: (/home/ctai/catkin_ws2/devel/.private/robo_cylinder/share/gennodejs/ros/robo_cylinder/srv/StringCmd.js, /home/ctai/catkin_ws2/devel/share/gennodejs/ros/robo_cylinder/srv/StringCmd.js)
Linked: (/home/ctai/catkin_ws2/devel/.private/robo_cylinder/share/gennodejs/ros/robo_cylinder/srv/MoveMeters.js, /home/ctai/catkin_ws2/devel/share/gennodejs/ros/robo_cylinder/srv/MoveMeters.js)
Linked: (/home/ctai/catkin_ws2/devel/.private/robo_cylinder/share/gennodejs/ros/robo_cylinder/srv/HomeCmd.js, /home/ctai/catkin_ws2/devel/share/gennodejs/ros/robo_cylinder/srv/HomeCmd.js)
