[01m[K/home/ctai/catkin_ws2/src/vision/src/bridge.cpp:[m[K In member function ‘[01m[Kvoid ImageConverter::computer_vision(std::vector<std::vector<double> >&)[m[K’:
[01m[K/home/ctai/catkin_ws2/src/vision/src/bridge.cpp:200:2:[m[K [01;31m[Kerror: [m[Kexpected ‘[01m[K,[m[K’ or ‘[01m[K;[m[K’ before ‘[01m[Kdouble[m[K’
  double fy=1050//1.0466649972613395e+03;//9.8560256011624597e+02;//mm/px
[01;32m[K  ^[m[K
[01m[K/home/ctai/catkin_ws2/src/vision/src/bridge.cpp:249:200:[m[K [01;31m[Kerror: [m[K‘[01m[Kmax_detection[m[K’ was not declared in this scope
  data_color=c.findcontours(c.findcolors(c.getwhite(hsv,25,133),c.getred(canaleshsv[0],50,130),c.getgreen(canaleshsv[0],55,96),c.getblue(canaleshsv[0],95,130),c.getvalue(canaleshsv[2],90,144)),90,670,max_detection);//110 para no detectar manijas. 90 u 88 detecta tapas
[01;32m[K                                                                                                                                                                                                        ^[m[K
[01m[K/home/ctai/catkin_ws2/src/vision/src/bridge.cpp:263:97:[m[K [01;31m[Kerror: [m[K‘[01m[Kfy[m[K’ was not declared in this scope
   color_coordinates=s.xyz_coord(s.find_depth(colorpoints_depth,colorpoints,depth,data_color),fx,fy,cx,cy);
[01;32m[K                                                                                                 ^[m[K
[01m[K/home/ctai/catkin_ws2/src/vision/src/bridge.cpp:263:100:[m[K [01;31m[Kerror: [m[K‘[01m[Kcx[m[K’ was not declared in this scope
   color_coordinates=s.xyz_coord(s.find_depth(colorpoints_depth,colorpoints,depth,data_color),fx,fy,cx,cy);
[01;32m[K                                                                                                    ^[m[K
[01m[K/home/ctai/catkin_ws2/src/vision/src/bridge.cpp:263:103:[m[K [01;31m[Kerror: [m[K‘[01m[Kcy[m[K’ was not declared in this scope
   color_coordinates=s.xyz_coord(s.find_depth(colorpoints_depth,colorpoints,depth,data_color),fx,fy,cx,cy);
[01;32m[K                                                                                                       ^[m[K
[01m[K/home/ctai/catkin_ws2/src/vision/src/bridge.cpp:271:97:[m[K [01;31m[Kerror: [m[K‘[01m[Kfy[m[K’ was not declared in this scope
   green_coordinates=s.xyz_coord(s.find_depth(greenpoints_depth,greenpoints,depth,data_green),fx,fy,cx,cy);
[01;32m[K                                                                                                 ^[m[K
[01m[K/home/ctai/catkin_ws2/src/vision/src/bridge.cpp:271:100:[m[K [01;31m[Kerror: [m[K‘[01m[Kcx[m[K’ was not declared in this scope
   green_coordinates=s.xyz_coord(s.find_depth(greenpoints_depth,greenpoints,depth,data_green),fx,fy,cx,cy);
[01;32m[K                                                                                                    ^[m[K
[01m[K/home/ctai/catkin_ws2/src/vision/src/bridge.cpp:271:103:[m[K [01;31m[Kerror: [m[K‘[01m[Kcy[m[K’ was not declared in this scope
   green_coordinates=s.xyz_coord(s.find_depth(greenpoints_depth,greenpoints,depth,data_green),fx,fy,cx,cy);
[01;32m[K                                                                                                       ^[m[K
[01m[K/home/ctai/catkin_ws2/src/vision/src/bridge.cpp:278:97:[m[K [01;31m[Kerror: [m[K‘[01m[Kfy[m[K’ was not declared in this scope
   white_coordinates=s.xyz_coord(s.find_depth(whitepoints_depth,whitepoints,depth,data_white),fx,fy,cx,cy);
[01;32m[K                                                                                                 ^[m[K
[01m[K/home/ctai/catkin_ws2/src/vision/src/bridge.cpp:278:100:[m[K [01;31m[Kerror: [m[K‘[01m[Kcx[m[K’ was not declared in this scope
   white_coordinates=s.xyz_coord(s.find_depth(whitepoints_depth,whitepoints,depth,data_white),fx,fy,cx,cy);
[01;32m[K                                                                                                    ^[m[K
[01m[K/home/ctai/catkin_ws2/src/vision/src/bridge.cpp:278:103:[m[K [01;31m[Kerror: [m[K‘[01m[Kcy[m[K’ was not declared in this scope
   white_coordinates=s.xyz_coord(s.find_depth(whitepoints_depth,whitepoints,depth,data_white),fx,fy,cx,cy);
[01;32m[K                                                                                                       ^[m[K
[01m[K/home/ctai/catkin_ws2/src/vision/src/bridge.cpp:285:69:[m[K [01;31m[Kerror: [m[K‘[01m[Kfy[m[K’ was not declared in this scope
  p= s.push_data(s.getgeometrydata(color_coordinates,data_color,1,fx,fy),s.getgeometrydata(green_coordinates,data_green,2,fx,fy),s.getgeometrydata(white_coordinates,data_white,3,fx,fy));
[01;32m[K                                                                     ^[m[K
make[2]: *** [CMakeFiles/image_converter.dir/src/bridge.cpp.o] Error 1
make[1]: *** [CMakeFiles/image_converter.dir/all] Error 2
make: *** [all] Error 2
