[  7%] [ 15%] Built target fake_k_roll
Built target kinect_to_robot_tf
[ 15%] Built target std_msgs_generate_messages_lisp
[ 15%] Built target geometry_msgs_generate_messages_lisp
[ 15%] [ 15%] Built target geometry_msgs_generate_messages_eus
Built target std_msgs_generate_messages_eus
[ 15%] [ 15%] Built target _vision_generate_messages_check_deps_bottle_data
Built target geometry_msgs_generate_messages_nodejs
[ 15%] Built target geometry_msgs_generate_messages_py
[ 15%] [ 15%] [ 15%] Built target std_msgs_generate_messages_nodejs
Built target std_msgs_generate_messages_py
Built target geometry_msgs_generate_messages_cpp
[ 15%] Built target std_msgs_generate_messages_cpp
[ 23%] [ 46%] [ 46%] Built target vision_generate_messages_lisp
Built target vision_generate_messages_nodejs
Built target vision_generate_messages_eus
[ 53%] [ 69%] Built target vision_generate_messages_cpp
Built target vision_generate_messages_py
[ 69%] Built target vision_generate_messages
[100%] Built target image_converter
