Linked: (/home/ctai/catkin_ws2/devel/.private/vision/include/vision/bottle_data.h, /home/ctai/catkin_ws2/devel/include/vision/bottle_data.h)
Linked: (/home/ctai/catkin_ws2/devel/.private/vision/lib/pkgconfig/vision.pc, /home/ctai/catkin_ws2/devel/lib/pkgconfig/vision.pc)
Linked: (/home/ctai/catkin_ws2/devel/.private/vision/lib/vision/kinect_to_robot_tf, /home/ctai/catkin_ws2/devel/lib/vision/kinect_to_robot_tf)
Linked: (/home/ctai/catkin_ws2/devel/.private/vision/lib/vision/image_converter, /home/ctai/catkin_ws2/devel/lib/vision/image_converter)
Linked: (/home/ctai/catkin_ws2/devel/.private/vision/lib/vision/fake_k_roll, /home/ctai/catkin_ws2/devel/lib/vision/fake_k_roll)
Linked: (/home/ctai/catkin_ws2/devel/.private/vision/lib/python2.7/dist-packages/vision/__init__.py, /home/ctai/catkin_ws2/devel/lib/python2.7/dist-packages/vision/__init__.py)
Linked: (/home/ctai/catkin_ws2/devel/.private/vision/lib/python2.7/dist-packages/vision/msg/__init__.py, /home/ctai/catkin_ws2/devel/lib/python2.7/dist-packages/vision/msg/__init__.py)
Linked: (/home/ctai/catkin_ws2/devel/.private/vision/lib/python2.7/dist-packages/vision/msg/_bottle_data.py, /home/ctai/catkin_ws2/devel/lib/python2.7/dist-packages/vision/msg/_bottle_data.py)
Linked: (/home/ctai/catkin_ws2/devel/.private/vision/share/roseus/ros/vision/manifest.l, /home/ctai/catkin_ws2/devel/share/roseus/ros/vision/manifest.l)
Linked: (/home/ctai/catkin_ws2/devel/.private/vision/share/roseus/ros/vision/msg/bottle_data.l, /home/ctai/catkin_ws2/devel/share/roseus/ros/vision/msg/bottle_data.l)
Linked: (/home/ctai/catkin_ws2/devel/.private/vision/share/common-lisp/ros/vision/msg/vision-msg.asd, /home/ctai/catkin_ws2/devel/share/common-lisp/ros/vision/msg/vision-msg.asd)
Linked: (/home/ctai/catkin_ws2/devel/.private/vision/share/common-lisp/ros/vision/msg/bottle_data.lisp, /home/ctai/catkin_ws2/devel/share/common-lisp/ros/vision/msg/bottle_data.lisp)
Linked: (/home/ctai/catkin_ws2/devel/.private/vision/share/common-lisp/ros/vision/msg/_package.lisp, /home/ctai/catkin_ws2/devel/share/common-lisp/ros/vision/msg/_package.lisp)
Linked: (/home/ctai/catkin_ws2/devel/.private/vision/share/common-lisp/ros/vision/msg/_package_bottle_data.lisp, /home/ctai/catkin_ws2/devel/share/common-lisp/ros/vision/msg/_package_bottle_data.lisp)
Linked: (/home/ctai/catkin_ws2/devel/.private/vision/share/gennodejs/ros/vision/_index.js, /home/ctai/catkin_ws2/devel/share/gennodejs/ros/vision/_index.js)
Linked: (/home/ctai/catkin_ws2/devel/.private/vision/share/gennodejs/ros/vision/msg/bottle_data.js, /home/ctai/catkin_ws2/devel/share/gennodejs/ros/vision/msg/bottle_data.js)
Linked: (/home/ctai/catkin_ws2/devel/.private/vision/share/gennodejs/ros/vision/msg/_index.js, /home/ctai/catkin_ws2/devel/share/gennodejs/ros/vision/msg/_index.js)
Linked: (/home/ctai/catkin_ws2/devel/.private/vision/share/vision/cmake/vision-msg-paths.cmake, /home/ctai/catkin_ws2/devel/share/vision/cmake/vision-msg-paths.cmake)
Linked: (/home/ctai/catkin_ws2/devel/.private/vision/share/vision/cmake/vision-msg-extras.cmake, /home/ctai/catkin_ws2/devel/share/vision/cmake/vision-msg-extras.cmake)
Linked: (/home/ctai/catkin_ws2/devel/.private/vision/share/vision/cmake/visionConfig-version.cmake, /home/ctai/catkin_ws2/devel/share/vision/cmake/visionConfig-version.cmake)
Linked: (/home/ctai/catkin_ws2/devel/.private/vision/share/vision/cmake/visionConfig.cmake, /home/ctai/catkin_ws2/devel/share/vision/cmake/visionConfig.cmake)
