[01m[K/home/ctai/catkin_ws2/src/vision/src/polycolor.cpp:[m[K In member function ‘[01m[Kstd::vector<std::vector<cv::Point_<int> > > polycolor::findcontours(cv::Mat, int, int, int)[m[K’:
[01m[K/home/ctai/catkin_ws2/src/vision/src/polycolor.cpp:174:44:[m[K [01;31m[Kerror: [m[Kno match for call to ‘[01m[K(std::vector<std::vector<cv::Point_<int> > >) (std::vector<std::vector<cv::Point_<int> > >::iterator&)[m[K’
   cv::Moments mom=cv::moments(contornos(itc));
[01;32m[K                                            ^[m[K
[01m[K/home/ctai/catkin_ws2/src/vision/src/polycolor.cpp:181:4:[m[K [01;31m[Kerror: [m[K‘[01m[Kpoint[m[K’ is not a member of ‘[01m[Kcv[m[K’
    cv::point P= cv::Point(mom.m10/mom.m00,mom.m01/mom.m00);
[01;32m[K    ^[m[K
[01m[K/home/ctai/catkin_ws2/src/vision/src/polycolor.cpp:183:19:[m[K [01;31m[Kerror: [m[K‘[01m[KP[m[K’ was not declared in this scope
    if(proc.cols/8>P.x || proc.cols*7/8<P.x || proc.rows/8>P.y || proc.rows*22/32<P.y)//OJO MODIFICADO PARA SOLO EVALUAR DATOS DENTRO DEL ROI
[01;32m[K                   ^[m[K
[01m[K/home/ctai/catkin_ws2/src/vision/src/polycolor.cpp:186:3:[m[K [01;31m[Kerror: [m[K‘[01m[Kelse[m[K’ without a previous ‘[01m[Kif[m[K’
   else{
[01;32m[K   ^[m[K
[01m[K/home/ctai/catkin_ws2/src/vision/src/polycolor.cpp:187:31:[m[K [01;31m[Kerror: [m[K‘[01m[Ki[m[K’ was not declared in this scope
    r=cv::fitEllipse(contornos[i]);
[01;32m[K                               ^[m[K
[01m[K/home/ctai/catkin_ws2/src/vision/src/polycolor.cpp:190:4:[m[K [01;31m[Kerror: [m[Kexpected ‘[01m[K;[m[K’ before ‘[01m[K}[m[K’ token
    }
[01;32m[K    ^[m[K
make[2]: *** [CMakeFiles/image_converter.dir/src/polycolor.cpp.o] Error 1
make[1]: *** [CMakeFiles/image_converter.dir/all] Error 2
make: *** [all] Error 2
