[01m[K/home/ctai/catkin_ws2/src/vision/src/polycolor.cpp:[m[K In member function ‘[01m[Kstd::vector<std::vector<cv::Point_<int> > > polycolor::findcontours(cv::Mat, int, int, int)[m[K’:
[01m[K/home/ctai/catkin_ws2/src/vision/src/polycolor.cpp:174:40:[m[K [01;31m[Kerror: [m[Kno match for ‘[01m[Koperator[][m[K’ (operand types are ‘[01m[Kstd::vector<std::vector<cv::Point_<int> > >[m[K’ and ‘[01m[Kstd::vector<std::vector<cv::Point_<int> > >::iterator {aka __gnu_cxx::__normal_iterator<std::vector<cv::Point_<int> >*, std::vector<std::vector<cv::Point_<int> > > >}[m[K’)
   cv::Moments mom=cv::moments(contornos[itc]);
[01;32m[K                                        ^[m[K
In file included from [01m[K/usr/include/c++/5/vector:64:0[m[K,
                 from [01m[K/opt/ros/kinetic/include/opencv-3.3.1-dev/opencv2/core/types.hpp:53[m[K,
                 from [01m[K/opt/ros/kinetic/include/opencv-3.3.1-dev/opencv2/core.hpp:58[m[K,
                 from [01m[K/opt/ros/kinetic/include/opencv-3.3.1-dev/opencv2/core/core.hpp:48[m[K,
                 from [01m[K/home/ctai/catkin_ws2/src/vision/src/../include/detection.h:4[m[K,
                 from [01m[K/home/ctai/catkin_ws2/src/vision/src/polycolor.cpp:1[m[K:
[01m[K/usr/include/c++/5/bits/stl_vector.h:779:7:[m[K [01;36m[Knote: [m[Kcandidate: std::vector<_Tp, _Alloc>::reference std::vector<_Tp, _Alloc>::operator[](std::vector<_Tp, _Alloc>::size_type) [with _Tp = std::vector<cv::Point_<int> >; _Alloc = std::allocator<std::vector<cv::Point_<int> > >; std::vector<_Tp, _Alloc>::reference = std::vector<cv::Point_<int> >&; std::vector<_Tp, _Alloc>::size_type = long unsigned int]
       operator[](size_type __n) _GLIBCXX_NOEXCEPT
[01;32m[K       ^[m[K
[01m[K/usr/include/c++/5/bits/stl_vector.h:779:7:[m[K [01;36m[Knote: [m[K  no known conversion for argument 1 from ‘[01m[Kstd::vector<std::vector<cv::Point_<int> > >::iterator {aka __gnu_cxx::__normal_iterator<std::vector<cv::Point_<int> >*, std::vector<std::vector<cv::Point_<int> > > >}[m[K’ to ‘[01m[Kstd::vector<std::vector<cv::Point_<int> > >::size_type {aka long unsigned int}[m[K’
[01m[K/usr/include/c++/5/bits/stl_vector.h:794:7:[m[K [01;36m[Knote: [m[Kcandidate: std::vector<_Tp, _Alloc>::const_reference std::vector<_Tp, _Alloc>::operator[](std::vector<_Tp, _Alloc>::size_type) const [with _Tp = std::vector<cv::Point_<int> >; _Alloc = std::allocator<std::vector<cv::Point_<int> > >; std::vector<_Tp, _Alloc>::const_reference = const std::vector<cv::Point_<int> >&; std::vector<_Tp, _Alloc>::size_type = long unsigned int]
       operator[](size_type __n) const _GLIBCXX_NOEXCEPT
[01;32m[K       ^[m[K
[01m[K/usr/include/c++/5/bits/stl_vector.h:794:7:[m[K [01;36m[Knote: [m[K  no known conversion for argument 1 from ‘[01m[Kstd::vector<std::vector<cv::Point_<int> > >::iterator {aka __gnu_cxx::__normal_iterator<std::vector<cv::Point_<int> >*, std::vector<std::vector<cv::Point_<int> > > >}[m[K’ to ‘[01m[Kstd::vector<std::vector<cv::Point_<int> > >::size_type {aka long unsigned int}[m[K’
[01m[K/home/ctai/catkin_ws2/src/vision/src/polycolor.cpp:186:3:[m[K [01;31m[Kerror: [m[K‘[01m[Kelse[m[K’ without a previous ‘[01m[Kif[m[K’
   else{
[01;32m[K   ^[m[K
[01m[K/home/ctai/catkin_ws2/src/vision/src/polycolor.cpp:187:34:[m[K [01;31m[Kerror: [m[Kno match for call to ‘[01m[K(std::vector<std::vector<cv::Point_<int> > >) (std::vector<std::vector<cv::Point_<int> > >::iterator&)[m[K’
    r=cv::fitEllipse(contornos(itc));
[01;32m[K                                  ^[m[K
make[2]: *** [CMakeFiles/image_converter.dir/src/polycolor.cpp.o] Error 1
make[1]: *** [CMakeFiles/image_converter.dir/all] Error 2
make: *** [all] Error 2
