[01m[K/home/ctai/catkin_ws2/src/vision/src/polycolor.cpp:[m[K In member function ‘[01m[Kstd::vector<std::vector<cv::Point_<int> > > polycolor::findcontours(cv::Mat, int, int, int)[m[K’:
[01m[K/home/ctai/catkin_ws2/src/vision/src/polycolor.cpp:190:27:[m[K [01;31m[Kerror: [m[Kno matching function for call to ‘[01m[Kpolycolor::clean_contours(std::vector<std::vector<cv::Point_<int> > >*)[m[K’
  clean_contours(&contornos);
[01;32m[K                           ^[m[K
In file included from [01m[K/home/ctai/catkin_ws2/src/vision/src/polycolor.cpp:1:0[m[K:
[01m[K/home/ctai/catkin_ws2/src/vision/src/../include/detection.h:41:7:[m[K [01;36m[Knote: [m[Kcandidate: void polycolor::clean_contours(std::vector<std::vector<cv::Point_<int> > >&)
  void clean_contours(std::vector<std::vector<cv::Point> > &contornos);
[01;32m[K       ^[m[K
[01m[K/home/ctai/catkin_ws2/src/vision/src/../include/detection.h:41:7:[m[K [01;36m[Knote: [m[K  no known conversion for argument 1 from ‘[01m[Kstd::vector<std::vector<cv::Point_<int> > >*[m[K’ to ‘[01m[Kstd::vector<std::vector<cv::Point_<int> > >&[m[K’
[01m[K/home/ctai/catkin_ws2/src/vision/src/polycolor.cpp:[m[K At global scope:
[01m[K/home/ctai/catkin_ws2/src/vision/src/polycolor.cpp:194:6:[m[K [01;31m[Kerror: [m[Kprototype for ‘[01m[Kvoid polycolor::clean_contours(std::vector<std::vector<cv::Point_<int> > >)[m[K’ does not match any in class ‘[01m[Kpolycolor[m[K’
 void polycolor::clean_contours(vector<vector<cv::Point> > contornos){
[01;32m[K      ^[m[K
In file included from [01m[K/home/ctai/catkin_ws2/src/vision/src/polycolor.cpp:1:0[m[K:
[01m[K/home/ctai/catkin_ws2/src/vision/src/../include/detection.h:41:7:[m[K [01;31m[Kerror: [m[Kcandidate is: void polycolor::clean_contours(std::vector<std::vector<cv::Point_<int> > >&)
  void clean_contours(std::vector<std::vector<cv::Point> > &contornos);
[01;32m[K       ^[m[K
make[2]: *** [CMakeFiles/image_converter.dir/src/polycolor.cpp.o] Error 1
make[2]: *** Waiting for unfinished jobs....
make[1]: *** [CMakeFiles/image_converter.dir/all] Error 2
make: *** [all] Error 2
