[  7%] Built target fake_k_roll
[35m[1mScanning dependencies of target image_converter
[  7%] Built target geometry_msgs_generate_messages_lisp
[ 15%] Built target kinect_to_robot_tf
[ 15%] Built target std_msgs_generate_messages_lisp
[ 15%] Built target geometry_msgs_generate_messages_eus
[ 15%] Built target _vision_generate_messages_check_deps_bottle_data
[ 15%] Built target std_msgs_generate_messages_eus
[ 15%] Built target std_msgs_generate_messages_nodejs
[ 15%] Built target geometry_msgs_generate_messages_nodejs
[ 15%] Built target std_msgs_generate_messages_py
[ 15%] [ 15%] Built target geometry_msgs_generate_messages_py
Built target geometry_msgs_generate_messages_cpp
[ 15%] Built target std_msgs_generate_messages_cpp
[0m[ 23%] [ 38%] Built target vision_generate_messages_lisp
Built target vision_generate_messages_eus
[ 53%] Built target vision_generate_messages_py
[ 61%] [ 69%] Built target vision_generate_messages_nodejs
[32mBuilding CXX object CMakeFiles/image_converter.dir/src/polycolor.cpp.o
[0m[ 76%] Built target vision_generate_messages_cpp
[ 76%] Built target vision_generate_messages
[31m[1mLinking CXX executable /home/ctai/catkin_ws2/devel/.private/vision/lib/vision/image_converter
[0m[100%] Built target image_converter
