[01m[K/home/ctai/catkin_ws2/src/vision/src/polycolor.cpp:[m[K In member function ‘[01m[Kstd::vector<std::vector<cv::Point_<int> > > polycolor::findcontours(cv::Mat, int, int, int)[m[K’:
[01m[K/home/ctai/catkin_ws2/src/vision/src/polycolor.cpp:188:27:[m[K [01;31m[Kerror: [m[Kno match for ‘[01m[Koperator/[m[K’ (operand types are ‘[01m[Kdouble[m[K’ and ‘[01m[Kcv::Moments[m[K’)
     cout<<"punto"<<mom.m10/mom.00<<"DFGHJBVGHJHGH\n";
[01;32m[K                           ^[m[K
In file included from [01m[K/opt/ros/kinetic/include/opencv-3.3.1-dev/opencv2/core/cvstd.inl.hpp:47:0[m[K,
                 from [01m[K/opt/ros/kinetic/include/opencv-3.3.1-dev/opencv2/core.hpp:3281[m[K,
                 from [01m[K/opt/ros/kinetic/include/opencv-3.3.1-dev/opencv2/core/core.hpp:48[m[K,
                 from [01m[K/home/ctai/catkin_ws2/src/vision/src/../include/detection.h:4[m[K,
                 from [01m[K/home/ctai/catkin_ws2/src/vision/src/polycolor.cpp:1[m[K:
[01m[K/usr/include/c++/5/complex:416:5:[m[K [01;36m[Knote: [m[Kcandidate: template<class _Tp> std::complex<_Tp> std::operator/(const std::complex<_Tp>&, const std::complex<_Tp>&)
     operator/(const complex<_Tp>& __x, const complex<_Tp>& __y)
[01;32m[K     ^[m[K
[01m[K/usr/include/c++/5/complex:416:5:[m[K [01;36m[Knote: [m[K  template argument deduction/substitution failed:
[01m[K/home/ctai/catkin_ws2/src/vision/src/polycolor.cpp:188:28:[m[K [01;36m[Knote: [m[K  mismatched types ‘[01m[Kconst std::complex<_Tp>[m[K’ and ‘[01m[Kdouble[m[K’
     cout<<"punto"<<mom.m10/mom.00<<"DFGHJBVGHJHGH\n";
[01;32m[K                            ^[m[K
In file included from [01m[K/opt/ros/kinetic/include/opencv-3.3.1-dev/opencv2/core/cvstd.inl.hpp:47:0[m[K,
                 from [01m[K/opt/ros/kinetic/include/opencv-3.3.1-dev/opencv2/core.hpp:3281[m[K,
                 from [01m[K/opt/ros/kinetic/include/opencv-3.3.1-dev/opencv2/core/core.hpp:48[m[K,
                 from [01m[K/home/ctai/catkin_ws2/src/vision/src/../include/detection.h:4[m[K,
                 from [01m[K/home/ctai/catkin_ws2/src/vision/src/polycolor.cpp:1[m[K:
[01m[K/usr/include/c++/5/complex:425:5:[m[K [01;36m[Knote: [m[Kcandidate: template<class _Tp> std::complex<_Tp> std::operator/(const std::complex<_Tp>&, const _Tp&)
     operator/(const complex<_Tp>& __x, const _Tp& __y)
[01;32m[K     ^[m[K
[01m[K/usr/include/c++/5/complex:425:5:[m[K [01;36m[Knote: [m[K  template argument deduction/substitution failed:
[01m[K/home/ctai/catkin_ws2/src/vision/src/polycolor.cpp:188:28:[m[K [01;36m[Knote: [m[K  mismatched types ‘[01m[Kconst std::complex<_Tp>[m[K’ and ‘[01m[Kdouble[m[K’
     cout<<"punto"<<mom.m10/mom.00<<"DFGHJBVGHJHGH\n";
[01;32m[K                            ^[m[K
In file included from [01m[K/opt/ros/kinetic/include/opencv-3.3.1-dev/opencv2/core/cvstd.inl.hpp:47:0[m[K,
                 from [01m[K/opt/ros/kinetic/include/opencv-3.3.1-dev/opencv2/core.hpp:3281[m[K,
                 from [01m[K/opt/ros/kinetic/include/opencv-3.3.1-dev/opencv2/core/core.hpp:48[m[K,
                 from [01m[K/home/ctai/catkin_ws2/src/vision/src/../include/detection.h:4[m[K,
                 from [01m[K/home/ctai/catkin_ws2/src/vision/src/polycolor.cpp:1[m[K:
[01m[K/usr/include/c++/5/complex:434:5:[m[K [01;36m[Knote: [m[Kcandidate: template<class _Tp> std::complex<_Tp> std::operator/(const _Tp&, const std::complex<_Tp>&)
     operator/(const _Tp& __x, const complex<_Tp>& __y)
[01;32m[K     ^[m[K
[01m[K/usr/include/c++/5/complex:434:5:[m[K [01;36m[Knote: [m[K  template argument deduction/substitution failed:
[01m[K/home/ctai/catkin_ws2/src/vision/src/polycolor.cpp:188:28:[m[K [01;36m[Knote: [m[K  ‘[01m[Kcv::Moments[m[K’ is not derived from ‘[01m[Kconst std::complex<_Tp>[m[K’
     cout<<"punto"<<mom.m10/mom.00<<"DFGHJBVGHJHGH\n";
[01;32m[K                            ^[m[K
In file included from [01m[K/opt/ros/kinetic/include/opencv-3.3.1-dev/opencv2/core.hpp:59:0[m[K,
                 from [01m[K/opt/ros/kinetic/include/opencv-3.3.1-dev/opencv2/core/core.hpp:48[m[K,
                 from [01m[K/home/ctai/catkin_ws2/src/vision/src/../include/detection.h:4[m[K,
                 from [01m[K/home/ctai/catkin_ws2/src/vision/src/polycolor.cpp:1[m[K:
[01m[K/opt/ros/kinetic/include/opencv-3.3.1-dev/opencv2/core/mat.hpp:3572:20:[m[K [01;36m[Knote: [m[Kcandidate: cv::MatExpr cv::operator/(const cv::MatExpr&, const cv::MatExpr&)
 CV_EXPORTS MatExpr operator / (const MatExpr& e1, const MatExpr& e2);
[01;32m[K                    ^[m[K
[01m[K/opt/ros/kinetic/include/opencv-3.3.1-dev/opencv2/core/mat.hpp:3572:20:[m[K [01;36m[Knote: [m[K  no known conversion for argument 1 from ‘[01m[Kdouble[m[K’ to ‘[01m[Kconst cv::MatExpr&[m[K’
[01m[K/opt/ros/kinetic/include/opencv-3.3.1-dev/opencv2/core/mat.hpp:3571:20:[m[K [01;36m[Knote: [m[Kcandidate: cv::MatExpr cv::operator/(double, const cv::MatExpr&)
 CV_EXPORTS MatExpr operator / (double s, const MatExpr& e);
[01;32m[K                    ^[m[K
[01m[K/opt/ros/kinetic/include/opencv-3.3.1-dev/opencv2/core/mat.hpp:3571:20:[m[K [01;36m[Knote: [m[K  no known conversion for argument 2 from ‘[01m[Kcv::Moments[m[K’ to ‘[01m[Kconst cv::MatExpr&[m[K’
[01m[K/opt/ros/kinetic/include/opencv-3.3.1-dev/opencv2/core/mat.hpp:3570:20:[m[K [01;36m[Knote: [m[Kcandidate: cv::MatExpr cv::operator/(const cv::MatExpr&, double)
 CV_EXPORTS MatExpr operator / (const MatExpr& e, double s);
[01;32m[K                    ^[m[K
[01m[K/opt/ros/kinetic/include/opencv-3.3.1-dev/opencv2/core/mat.hpp:3570:20:[m[K [01;36m[Knote: [m[K  no known conversion for argument 1 from ‘[01m[Kdouble[m[K’ to ‘[01m[Kconst cv::MatExpr&[m[K’
[01m[K/opt/ros/kinetic/include/opencv-3.3.1-dev/opencv2/core/mat.hpp:3569:20:[m[K [01;36m[Knote: [m[Kcandidate: cv::MatExpr cv::operator/(const cv::Mat&, const cv::MatExpr&)
 CV_EXPORTS MatExpr operator / (const Mat& m, const MatExpr& e);
[01;32m[K                    ^[m[K
[01m[K/opt/ros/kinetic/include/opencv-3.3.1-dev/opencv2/core/mat.hpp:3569:20:[m[K [01;36m[Knote: [m[K  no known conversion for argument 1 from ‘[01m[Kdouble[m[K’ to ‘[01m[Kconst cv::Mat&[m[K’
[01m[K/opt/ros/kinetic/include/opencv-3.3.1-dev/opencv2/core/mat.hpp:3568:20:[m[K [01;36m[Knote: [m[Kcandidate: cv::MatExpr cv::operator/(const cv::MatExpr&, const cv::Mat&)
 CV_EXPORTS MatExpr operator / (const MatExpr& e, const Mat& m);
[01;32m[K                    ^[m[K
[01m[K/opt/ros/kinetic/include/opencv-3.3.1-dev/opencv2/core/mat.hpp:3568:20:[m[K [01;36m[Knote: [m[K  no known conversion for argument 1 from ‘[01m[Kdouble[m[K’ to ‘[01m[Kconst cv::MatExpr&[m[K’
[01m[K/opt/ros/kinetic/include/opencv-3.3.1-dev/opencv2/core/mat.hpp:3567:20:[m[K [01;36m[Knote: [m[Kcandidate: cv::MatExpr cv::operator/(double, const cv::Mat&)
 CV_EXPORTS MatExpr operator / (double s, const Mat& a);
[01;32m[K                    ^[m[K
[01m[K/opt/ros/kinetic/include/opencv-3.3.1-dev/opencv2/core/mat.hpp:3567:20:[m[K [01;36m[Knote: [m[K  no known conversion for argument 2 from ‘[01m[Kcv::Moments[m[K’ to ‘[01m[Kconst cv::Mat&[m[K’
[01m[K/opt/ros/kinetic/include/opencv-3.3.1-dev/opencv2/core/mat.hpp:3566:20:[m[K [01;36m[Knote: [m[Kcandidate: cv::MatExpr cv::operator/(const cv::Mat&, double)
 CV_EXPORTS MatExpr operator / (const Mat& a, double s);
[01;32m[K                    ^[m[K
[01m[K/opt/ros/kinetic/include/opencv-3.3.1-dev/opencv2/core/mat.hpp:3566:20:[m[K [01;36m[Knote: [m[K  no known conversion for argument 1 from ‘[01m[Kdouble[m[K’ to ‘[01m[Kconst cv::Mat&[m[K’
[01m[K/opt/ros/kinetic/include/opencv-3.3.1-dev/opencv2/core/mat.hpp:3565:20:[m[K [01;36m[Knote: [m[Kcandidate: cv::MatExpr cv::operator/(const cv::Mat&, const cv::Mat&)
 CV_EXPORTS MatExpr operator / (const Mat& a, const Mat& b);
[01;32m[K                    ^[m[K
[01m[K/opt/ros/kinetic/include/opencv-3.3.1-dev/opencv2/core/mat.hpp:3565:20:[m[K [01;36m[Knote: [m[K  no known conversion for argument 1 from ‘[01m[Kdouble[m[K’ to ‘[01m[Kconst cv::Mat&[m[K’
In file included from [01m[K/opt/ros/kinetic/include/opencv-3.3.1-dev/opencv2/core.hpp:58:0[m[K,
                 from [01m[K/opt/ros/kinetic/include/opencv-3.3.1-dev/opencv2/core/core.hpp:48[m[K,
                 from [01m[K/home/ctai/catkin_ws2/src/vision/src/../include/detection.h:4[m[K,
                 from [01m[K/home/ctai/catkin_ws2/src/vision/src/polycolor.cpp:1[m[K:
[01m[K/opt/ros/kinetic/include/opencv-3.3.1-dev/opencv2/core/types.hpp:2286:14:[m[K [01;36m[Knote: [m[Kcandidate: template<class _Tp> cv::Scalar_<_Tp> cv::operator/(const cv::Scalar_<_Tp>&, const cv::Scalar_<_Tp>&)
 Scalar_<_Tp> operator / (const Scalar_<_Tp>& a, const Scalar_<_Tp>& b)
[01;32m[K              ^[m[K
[01m[K/opt/ros/kinetic/include/opencv-3.3.1-dev/opencv2/core/types.hpp:2286:14:[m[K [01;36m[Knote: [m[K  template argument deduction/substitution failed:
[01m[K/home/ctai/catkin_ws2/src/vision/src/polycolor.cpp:188:28:[m[K [01;36m[Knote: [m[K  mismatched types ‘[01m[Kconst cv::Scalar_<_Tp>[m[K’ and ‘[01m[Kdouble[m[K’
     cout<<"punto"<<mom.m10/mom.00<<"DFGHJBVGHJHGH\n";
[01;32m[K                            ^[m[K
In file included from [01m[K/opt/ros/kinetic/include/opencv-3.3.1-dev/opencv2/core.hpp:58:0[m[K,
                 from [01m[K/opt/ros/kinetic/include/opencv-3.3.1-dev/opencv2/core/core.hpp:48[m[K,
                 from [01m[K/home/ctai/catkin_ws2/src/vision/src/../include/detection.h:4[m[K,
                 from [01m[K/home/ctai/catkin_ws2/src/vision/src/polycolor.cpp:1[m[K:
[01m[K/opt/ros/kinetic/include/opencv-3.3.1-dev/opencv2/core/types.hpp:2279:14:[m[K [01;36m[Knote: [m[Kcandidate: template<class _Tp> cv::Scalar_<_Tp> cv::operator/(_Tp, const cv::Scalar_<_Tp>&)
 Scalar_<_Tp> operator / (_Tp a, const Scalar_<_Tp>& b)
[01;32m[K              ^[m[K
[01m[K/opt/ros/kinetic/include/opencv-3.3.1-dev/opencv2/core/types.hpp:2279:14:[m[K [01;36m[Knote: [m[K  template argument deduction/substitution failed:
[01m[K/home/ctai/catkin_ws2/src/vision/src/polycolor.cpp:188:28:[m[K [01;36m[Knote: [m[K  ‘[01m[Kcv::Moments[m[K’ is not derived from ‘[01m[Kconst cv::Scalar_<_Tp>[m[K’
     cout<<"punto"<<mom.m10/mom.00<<"DFGHJBVGHJHGH\n";
[01;32m[K                            ^[m[K
In file included from [01m[K/opt/ros/kinetic/include/opencv-3.3.1-dev/opencv2/core.hpp:58:0[m[K,
                 from [01m[K/opt/ros/kinetic/include/opencv-3.3.1-dev/opencv2/core/core.hpp:48[m[K,
                 from [01m[K/home/ctai/catkin_ws2/src/vision/src/../include/detection.h:4[m[K,
                 from [01m[K/home/ctai/catkin_ws2/src/vision/src/polycolor.cpp:1[m[K:
[01m[K/opt/ros/kinetic/include/opencv-3.3.1-dev/opencv2/core/types.hpp:2265:17:[m[K [01;36m[Knote: [m[Kcandidate: template<class _Tp> cv::Scalar_<double> cv::operator/(const cv::Scalar_<double>&, double)
 Scalar_<double> operator / (const Scalar_<double>& a, double alpha)
[01;32m[K                 ^[m[K
[01m[K/opt/ros/kinetic/include/opencv-3.3.1-dev/opencv2/core/types.hpp:2265:17:[m[K [01;36m[Knote: [m[K  template argument deduction/substitution failed:
[01m[K/home/ctai/catkin_ws2/src/vision/src/polycolor.cpp:188:28:[m[K [01;36m[Knote: [m[K  cannot convert ‘[01m[Kmom[m[K’ (type ‘[01m[Kcv::Moments[m[K’) to type ‘[01m[Kdouble[m[K’
     cout<<"punto"<<mom.m10/mom.00<<"DFGHJBVGHJHGH\n";
[01;32m[K                            ^[m[K
In file included from [01m[K/opt/ros/kinetic/include/opencv-3.3.1-dev/opencv2/core.hpp:58:0[m[K,
                 from [01m[K/opt/ros/kinetic/include/opencv-3.3.1-dev/opencv2/core/core.hpp:48[m[K,
                 from [01m[K/home/ctai/catkin_ws2/src/vision/src/../include/detection.h:4[m[K,
                 from [01m[K/home/ctai/catkin_ws2/src/vision/src/polycolor.cpp:1[m[K:
[01m[K/opt/ros/kinetic/include/opencv-3.3.1-dev/opencv2/core/types.hpp:2258:16:[m[K [01;36m[Knote: [m[Kcandidate: template<class _Tp> cv::Scalar_<float> cv::operator/(const cv::Scalar_<float>&, float)
 Scalar_<float> operator / (const Scalar_<float>& a, float alpha)
[01;32m[K                ^[m[K
[01m[K/opt/ros/kinetic/include/opencv-3.3.1-dev/opencv2/core/types.hpp:2258:16:[m[K [01;36m[Knote: [m[K  template argument deduction/substitution failed:
[01m[K/home/ctai/catkin_ws2/src/vision/src/polycolor.cpp:188:28:[m[K [01;36m[Knote: [m[K  cannot convert ‘[01m[Kmom[m[K’ (type ‘[01m[Kcv::Moments[m[K’) to type ‘[01m[Kfloat[m[K’
     cout<<"punto"<<mom.m10/mom.00<<"DFGHJBVGHJHGH\n";
[01;32m[K                            ^[m[K
In file included from [01m[K/opt/ros/kinetic/include/opencv-3.3.1-dev/opencv2/core.hpp:58:0[m[K,
                 from [01m[K/opt/ros/kinetic/include/opencv-3.3.1-dev/opencv2/core/core.hpp:48[m[K,
                 from [01m[K/home/ctai/catkin_ws2/src/vision/src/../include/detection.h:4[m[K,
                 from [01m[K/home/ctai/catkin_ws2/src/vision/src/polycolor.cpp:1[m[K:
[01m[K/opt/ros/kinetic/include/opencv-3.3.1-dev/opencv2/core/types.hpp:2249:14:[m[K [01;36m[Knote: [m[Kcandidate: template<class _Tp> cv::Scalar_<_Tp> cv::operator/(const cv::Scalar_<_Tp>&, _Tp)
 Scalar_<_Tp> operator / (const Scalar_<_Tp>& a, _Tp alpha)
[01;32m[K              ^[m[K
[01m[K/opt/ros/kinetic/include/opencv-3.3.1-dev/opencv2/core/types.hpp:2249:14:[m[K [01;36m[Knote: [m[K  template argument deduction/substitution failed:
[01m[K/home/ctai/catkin_ws2/src/vision/src/polycolor.cpp:188:28:[m[K [01;36m[Knote: [m[K  mismatched types ‘[01m[Kconst cv::Scalar_<_Tp>[m[K’ and ‘[01m[Kdouble[m[K’
     cout<<"punto"<<mom.m10/mom.00<<"DFGHJBVGHJHGH\n";
[01;32m[K                            ^[m[K
In file included from [01m[K/opt/ros/kinetic/include/opencv-3.3.1-dev/opencv2/core.hpp:58:0[m[K,
                 from [01m[K/opt/ros/kinetic/include/opencv-3.3.1-dev/opencv2/core/core.hpp:48[m[K,
                 from [01m[K/home/ctai/catkin_ws2/src/vision/src/../include/detection.h:4[m[K,
                 from [01m[K/home/ctai/catkin_ws2/src/vision/src/polycolor.cpp:1[m[K:
[01m[K/opt/ros/kinetic/include/opencv-3.3.1-dev/opencv2/core/types.hpp:1711:12:[m[K [01;36m[Knote: [m[Kcandidate: template<class _Tp> cv::Size_<_Tp> cv::operator/(const cv::Size_<_Tp>&, _Tp)
 Size_<_Tp> operator / (const Size_<_Tp>& a, _Tp b)
[01;32m[K            ^[m[K
[01m[K/opt/ros/kinetic/include/opencv-3.3.1-dev/opencv2/core/types.hpp:1711:12:[m[K [01;36m[Knote: [m[K  template argument deduction/substitution failed:
[01m[K/home/ctai/catkin_ws2/src/vision/src/polycolor.cpp:188:28:[m[K [01;36m[Knote: [m[K  mismatched types ‘[01m[Kconst cv::Size_<_Tp>[m[K’ and ‘[01m[Kdouble[m[K’
     cout<<"punto"<<mom.m10/mom.00<<"DFGHJBVGHJHGH\n";
[01;32m[K                            ^[m[K
In file included from [01m[K/opt/ros/kinetic/include/opencv-3.3.1-dev/opencv2/core.hpp:58:0[m[K,
                 from [01m[K/opt/ros/kinetic/include/opencv-3.3.1-dev/opencv2/core/core.hpp:48[m[K,
                 from [01m[K/home/ctai/catkin_ws2/src/vision/src/../include/detection.h:4[m[K,
                 from [01m[K/home/ctai/catkin_ws2/src/vision/src/polycolor.cpp:1[m[K:
[01m[K/opt/ros/kinetic/include/opencv-3.3.1-dev/opencv2/core/types.hpp:1630:14:[m[K [01;36m[Knote: [m[Kcandidate: template<class _Tp> cv::Point3_<_Tp> cv::operator/(const cv::Point3_<_Tp>&, double)
 Point3_<_Tp> operator / (const Point3_<_Tp>& a, double b)
[01;32m[K              ^[m[K
[01m[K/opt/ros/kinetic/include/opencv-3.3.1-dev/opencv2/core/types.hpp:1630:14:[m[K [01;36m[Knote: [m[K  template argument deduction/substitution failed:
[01m[K/home/ctai/catkin_ws2/src/vision/src/polycolor.cpp:188:28:[m[K [01;36m[Knote: [m[K  mismatched types ‘[01m[Kconst cv::Point3_<_Tp>[m[K’ and ‘[01m[Kdouble[m[K’
     cout<<"punto"<<mom.m10/mom.00<<"DFGHJBVGHJHGH\n";
[01;32m[K                            ^[m[K
In file included from [01m[K/opt/ros/kinetic/include/opencv-3.3.1-dev/opencv2/core.hpp:58:0[m[K,
                 from [01m[K/opt/ros/kinetic/include/opencv-3.3.1-dev/opencv2/core/core.hpp:48[m[K,
                 from [01m[K/home/ctai/catkin_ws2/src/vision/src/../include/detection.h:4[m[K,
                 from [01m[K/home/ctai/catkin_ws2/src/vision/src/polycolor.cpp:1[m[K:
[01m[K/opt/ros/kinetic/include/opencv-3.3.1-dev/opencv2/core/types.hpp:1622:14:[m[K [01;36m[Knote: [m[Kcandidate: template<class _Tp> cv::Point3_<_Tp> cv::operator/(const cv::Point3_<_Tp>&, float)
 Point3_<_Tp> operator / (const Point3_<_Tp>& a, float b)
[01;32m[K              ^[m[K
[01m[K/opt/ros/kinetic/include/opencv-3.3.1-dev/opencv2/core/types.hpp:1622:14:[m[K [01;36m[Knote: [m[K  template argument deduction/substitution failed:
[01m[K/home/ctai/catkin_ws2/src/vision/src/polycolor.cpp:188:28:[m[K [01;36m[Knote: [m[K  mismatched types ‘[01m[Kconst cv::Point3_<_Tp>[m[K’ and ‘[01m[Kdouble[m[K’
     cout<<"punto"<<mom.m10/mom.00<<"DFGHJBVGHJHGH\n";
[01;32m[K                            ^[m[K
In file included from [01m[K/opt/ros/kinetic/include/opencv-3.3.1-dev/opencv2/core.hpp:58:0[m[K,
                 from [01m[K/opt/ros/kinetic/include/opencv-3.3.1-dev/opencv2/core/core.hpp:48[m[K,
                 from [01m[K/home/ctai/catkin_ws2/src/vision/src/../include/detection.h:4[m[K,
                 from [01m[K/home/ctai/catkin_ws2/src/vision/src/polycolor.cpp:1[m[K:
[01m[K/opt/ros/kinetic/include/opencv-3.3.1-dev/opencv2/core/types.hpp:1614:14:[m[K [01;36m[Knote: [m[Kcandidate: template<class _Tp> cv::Point3_<_Tp> cv::operator/(const cv::Point3_<_Tp>&, int)
 Point3_<_Tp> operator / (const Point3_<_Tp>& a, int b)
[01;32m[K              ^[m[K
[01m[K/opt/ros/kinetic/include/opencv-3.3.1-dev/opencv2/core/types.hpp:1614:14:[m[K [01;36m[Knote: [m[K  template argument deduction/substitution failed:
[01m[K/home/ctai/catkin_ws2/src/vision/src/polycolor.cpp:188:28:[m[K [01;36m[Knote: [m[K  mismatched types ‘[01m[Kconst cv::Point3_<_Tp>[m[K’ and ‘[01m[Kdouble[m[K’
     cout<<"punto"<<mom.m10/mom.00<<"DFGHJBVGHJHGH\n";
[01;32m[K                            ^[m[K
In file included from [01m[K/opt/ros/kinetic/include/opencv-3.3.1-dev/opencv2/core.hpp:58:0[m[K,
                 from [01m[K/opt/ros/kinetic/include/opencv-3.3.1-dev/opencv2/core/core.hpp:48[m[K,
                 from [01m[K/home/ctai/catkin_ws2/src/vision/src/../include/detection.h:4[m[K,
                 from [01m[K/home/ctai/catkin_ws2/src/vision/src/polycolor.cpp:1[m[K:
[01m[K/opt/ros/kinetic/include/opencv-3.3.1-dev/opencv2/core/types.hpp:1379:13:[m[K [01;36m[Knote: [m[Kcandidate: template<class _Tp> cv::Point_<_Tp> cv::operator/(const cv::Point_<_Tp>&, double)
 Point_<_Tp> operator / (const Point_<_Tp>& a, double b)
[01;32m[K             ^[m[K
[01m[K/opt/ros/kinetic/include/opencv-3.3.1-dev/opencv2/core/types.hpp:1379:13:[m[K [01;36m[Knote: [m[K  template argument deduction/substitution failed:
[01m[K/home/ctai/catkin_ws2/src/vision/src/polycolor.cpp:188:28:[m[K [01;36m[Knote: [m[K  mismatched types ‘[01m[Kconst cv::Point_<_Tp>[m[K’ and ‘[01m[Kdouble[m[K’
     cout<<"punto"<<mom.m10/mom.00<<"DFGHJBVGHJHGH\n";
[01;32m[K                            ^[m[K
In file included from [01m[K/opt/ros/kinetic/include/opencv-3.3.1-dev/opencv2/core.hpp:58:0[m[K,
                 from [01m[K/opt/ros/kinetic/include/opencv-3.3.1-dev/opencv2/core/core.hpp:48[m[K,
                 from [01m[K/home/ctai/catkin_ws2/src/vision/src/../include/detection.h:4[m[K,
                 from [01m[K/home/ctai/catkin_ws2/src/vision/src/polycolor.cpp:1[m[K:
[01m[K/opt/ros/kinetic/include/opencv-3.3.1-dev/opencv2/core/types.hpp:1371:13:[m[K [01;36m[Knote: [m[Kcandidate: template<class _Tp> cv::Point_<_Tp> cv::operator/(const cv::Point_<_Tp>&, float)
 Point_<_Tp> operator / (const Point_<_Tp>& a, float b)
[01;32m[K             ^[m[K
[01m[K/opt/ros/kinetic/include/opencv-3.3.1-dev/opencv2/core/types.hpp:1371:13:[m[K [01;36m[Knote: [m[K  template argument deduction/substitution failed:
[01m[K/home/ctai/catkin_ws2/src/vision/src/polycolor.cpp:188:28:[m[K [01;36m[Knote: [m[K  mismatched types ‘[01m[Kconst cv::Point_<_Tp>[m[K’ and ‘[01m[Kdouble[m[K’
     cout<<"punto"<<mom.m10/mom.00<<"DFGHJBVGHJHGH\n";
[01;32m[K                            ^[m[K
In file included from [01m[K/opt/ros/kinetic/include/opencv-3.3.1-dev/opencv2/core.hpp:58:0[m[K,
                 from [01m[K/opt/ros/kinetic/include/opencv-3.3.1-dev/opencv2/core/core.hpp:48[m[K,
                 from [01m[K/home/ctai/catkin_ws2/src/vision/src/../include/detection.h:4[m[K,
                 from [01m[K/home/ctai/catkin_ws2/src/vision/src/polycolor.cpp:1[m[K:
[01m[K/opt/ros/kinetic/include/opencv-3.3.1-dev/opencv2/core/types.hpp:1363:13:[m[K [01;36m[Knote: [m[Kcandidate: template<class _Tp> cv::Point_<_Tp> cv::operator/(const cv::Point_<_Tp>&, int)
 Point_<_Tp> operator / (const Point_<_Tp>& a, int b)
[01;32m[K             ^[m[K
[01m[K/opt/ros/kinetic/include/opencv-3.3.1-dev/opencv2/core/types.hpp:1363:13:[m[K [01;36m[Knote: [m[K  template argument deduction/substitution failed:
[01m[K/home/ctai/catkin_ws2/src/vision/src/polycolor.cpp:188:28:[m[K [01;36m[Knote: [m[K  mismatched types ‘[01m[Kconst cv::Point_<_Tp>[m[K’ and ‘[01m[Kdouble[m[K’
     cout<<"punto"<<mom.m10/mom.00<<"DFGHJBVGHJHGH\n";
[01;32m[K                            ^[m[K
In file included from [01m[K/opt/ros/kinetic/include/opencv-3.3.1-dev/opencv2/core.hpp:58:0[m[K,
                 from [01m[K/opt/ros/kinetic/include/opencv-3.3.1-dev/opencv2/core/core.hpp:48[m[K,
                 from [01m[K/home/ctai/catkin_ws2/src/vision/src/../include/detection.h:4[m[K,
                 from [01m[K/home/ctai/catkin_ws2/src/vision/src/polycolor.cpp:1[m[K:
[01m[K/opt/ros/kinetic/include/opencv-3.3.1-dev/opencv2/core/types.hpp:1132:14:[m[K [01;36m[Knote: [m[Kcandidate: template<class _Tp> cv::Complex<_Tp> cv::operator/(_Tp, const cv::Complex<_Tp>&)
 Complex<_Tp> operator / (_Tp b, const Complex<_Tp>& a)
[01;32m[K              ^[m[K
[01m[K/opt/ros/kinetic/include/opencv-3.3.1-dev/opencv2/core/types.hpp:1132:14:[m[K [01;36m[Knote: [m[K  template argument deduction/substitution failed:
[01m[K/home/ctai/catkin_ws2/src/vision/src/polycolor.cpp:188:28:[m[K [01;36m[Knote: [m[K  ‘[01m[Kcv::Moments[m[K’ is not derived from ‘[01m[Kconst cv::Complex<_Tp>[m[K’
     cout<<"punto"<<mom.m10/mom.00<<"DFGHJBVGHJHGH\n";
[01;32m[K                            ^[m[K
In file included from [01m[K/opt/ros/kinetic/include/opencv-3.3.1-dev/opencv2/core.hpp:58:0[m[K,
                 from [01m[K/opt/ros/kinetic/include/opencv-3.3.1-dev/opencv2/core/core.hpp:48[m[K,
                 from [01m[K/home/ctai/catkin_ws2/src/vision/src/../include/detection.h:4[m[K,
                 from [01m[K/home/ctai/catkin_ws2/src/vision/src/polycolor.cpp:1[m[K:
[01m[K/opt/ros/kinetic/include/opencv-3.3.1-dev/opencv2/core/types.hpp:1125:14:[m[K [01;36m[Knote: [m[Kcandidate: template<class _Tp> cv::Complex<_Tp> cv::operator/(const cv::Complex<_Tp>&, _Tp)
 Complex<_Tp> operator / (const Complex<_Tp>& a, _Tp b)
[01;32m[K              ^[m[K
[01m[K/opt/ros/kinetic/include/opencv-3.3.1-dev/opencv2/core/types.hpp:1125:14:[m[K [01;36m[Knote: [m[K  template argument deduction/substitution failed:
[01m[K/home/ctai/catkin_ws2/src/vision/src/polycolor.cpp:188:28:[m[K [01;36m[Knote: [m[K  mismatched types ‘[01m[Kconst cv::Complex<_Tp>[m[K’ and ‘[01m[Kdouble[m[K’
     cout<<"punto"<<mom.m10/mom.00<<"DFGHJBVGHJHGH\n";
[01;32m[K                            ^[m[K
In file included from [01m[K/opt/ros/kinetic/include/opencv-3.3.1-dev/opencv2/core.hpp:58:0[m[K,
                 from [01m[K/opt/ros/kinetic/include/opencv-3.3.1-dev/opencv2/core/core.hpp:48[m[K,
                 from [01m[K/home/ctai/catkin_ws2/src/vision/src/../include/detection.h:4[m[K,
                 from [01m[K/home/ctai/catkin_ws2/src/vision/src/polycolor.cpp:1[m[K:
[01m[K/opt/ros/kinetic/include/opencv-3.3.1-dev/opencv2/core/types.hpp:1110:14:[m[K [01;36m[Knote: [m[Kcandidate: template<class _Tp> cv::Complex<_Tp> cv::operator/(const cv::Complex<_Tp>&, const cv::Complex<_Tp>&)
 Complex<_Tp> operator / (const Complex<_Tp>& a, const Complex<_Tp>& b)
[01;32m[K              ^[m[K
[01m[K/opt/ros/kinetic/include/opencv-3.3.1-dev/opencv2/core/types.hpp:1110:14:[m[K [01;36m[Knote: [m[K  template argument deduction/substitution failed:
[01m[K/home/ctai/catkin_ws2/src/vision/src/polycolor.cpp:188:28:[m[K [01;36m[Knote: [m[K  mismatched types ‘[01m[Kconst cv::Complex<_Tp>[m[K’ and ‘[01m[Kdouble[m[K’
     cout<<"punto"<<mom.m10/mom.00<<"DFGHJBVGHJHGH\n";
[01;32m[K                            ^[m[K
In file included from [01m[K/opt/ros/kinetic/include/opencv-3.3.1-dev/opencv2/core.hpp:57:0[m[K,
                 from [01m[K/opt/ros/kinetic/include/opencv-3.3.1-dev/opencv2/core/core.hpp:48[m[K,
                 from [01m[K/home/ctai/catkin_ws2/src/vision/src/../include/detection.h:4[m[K,
                 from [01m[K/home/ctai/catkin_ws2/src/vision/src/polycolor.cpp:1[m[K:
[01m[K/opt/ros/kinetic/include/opencv-3.3.1-dev/opencv2/core/matx.hpp:1445:14:[m[K [01;36m[Knote: [m[Kcandidate: template<class _Tp, int cn> cv::Vec<_Tp, m> cv::operator/(const cv::Vec<_Tp, m>&, double)
 Vec<_Tp, cn> operator / (const Vec<_Tp, cn>& a, double alpha)
[01;32m[K              ^[m[K
[01m[K/opt/ros/kinetic/include/opencv-3.3.1-dev/opencv2/core/matx.hpp:1445:14:[m[K [01;36m[Knote: [m[K  template argument deduction/substitution failed:
[01m[K/home/ctai/catkin_ws2/src/vision/src/polycolor.cpp:188:28:[m[K [01;36m[Knote: [m[K  mismatched types ‘[01m[Kconst cv::Vec<_Tp, m>[m[K’ and ‘[01m[Kdouble[m[K’
     cout<<"punto"<<mom.m10/mom.00<<"DFGHJBVGHJHGH\n";
[01;32m[K                            ^[m[K
In file included from [01m[K/opt/ros/kinetic/include/opencv-3.3.1-dev/opencv2/core.hpp:57:0[m[K,
                 from [01m[K/opt/ros/kinetic/include/opencv-3.3.1-dev/opencv2/core/core.hpp:48[m[K,
                 from [01m[K/home/ctai/catkin_ws2/src/vision/src/../include/detection.h:4[m[K,
                 from [01m[K/home/ctai/catkin_ws2/src/vision/src/polycolor.cpp:1[m[K:
[01m[K/opt/ros/kinetic/include/opencv-3.3.1-dev/opencv2/core/matx.hpp:1439:14:[m[K [01;36m[Knote: [m[Kcandidate: template<class _Tp, int cn> cv::Vec<_Tp, m> cv::operator/(const cv::Vec<_Tp, m>&, float)
 Vec<_Tp, cn> operator / (const Vec<_Tp, cn>& a, float alpha)
[01;32m[K              ^[m[K
[01m[K/opt/ros/kinetic/include/opencv-3.3.1-dev/opencv2/core/matx.hpp:1439:14:[m[K [01;36m[Knote: [m[K  template argument deduction/substitution failed:
[01m[K/home/ctai/catkin_ws2/src/vision/src/polycolor.cpp:188:28:[m[K [01;36m[Knote: [m[K  mismatched types ‘[01m[Kconst cv::Vec<_Tp, m>[m[K’ and ‘[01m[Kdouble[m[K’
     cout<<"punto"<<mom.m10/mom.00<<"DFGHJBVGHJHGH\n";
[01;32m[K                            ^[m[K
In file included from [01m[K/opt/ros/kinetic/include/opencv-3.3.1-dev/opencv2/core.hpp:57:0[m[K,
                 from [01m[K/opt/ros/kinetic/include/opencv-3.3.1-dev/opencv2/core/core.hpp:48[m[K,
                 from [01m[K/home/ctai/catkin_ws2/src/vision/src/../include/detection.h:4[m[K,
                 from [01m[K/home/ctai/catkin_ws2/src/vision/src/polycolor.cpp:1[m[K:
[01m[K/opt/ros/kinetic/include/opencv-3.3.1-dev/opencv2/core/matx.hpp:1433:14:[m[K [01;36m[Knote: [m[Kcandidate: template<class _Tp, int cn> cv::Vec<_Tp, m> cv::operator/(const cv::Vec<_Tp, m>&, int)
 Vec<_Tp, cn> operator / (const Vec<_Tp, cn>& a, int alpha)
[01;32m[K              ^[m[K
[01m[K/opt/ros/kinetic/include/opencv-3.3.1-dev/opencv2/core/matx.hpp:1433:14:[m[K [01;36m[Knote: [m[K  template argument deduction/substitution failed:
[01m[K/home/ctai/catkin_ws2/src/vision/src/polycolor.cpp:188:28:[m[K [01;36m[Knote: [m[K  mismatched types ‘[01m[Kconst cv::Vec<_Tp, m>[m[K’ and ‘[01m[Kdouble[m[K’
     cout<<"punto"<<mom.m10/mom.00<<"DFGHJBVGHJHGH\n";
[01;32m[K                            ^[m[K
make[2]: *** [CMakeFiles/image_converter.dir/src/polycolor.cpp.o] Error 1
make[1]: *** [CMakeFiles/image_converter.dir/all] Error 2
make: *** [all] Error 2
