Determining if the pthread_create exist failed with the following output:
Change Dir: /home/ctai/catkin_ws2/build/motoman_sda10f_support/CMakeFiles/CMakeTmp

Run Build Command:"/usr/bin/make" "cmTryCompileExec3966650423/fast"
/usr/bin/make -f CMakeFiles/cmTryCompileExec3966650423.dir/build.make CMakeFiles/cmTryCompileExec3966650423.dir/build
make[1]: Entering directory '/home/ctai/catkin_ws2/build/motoman_sda10f_support/CMakeFiles/CMakeTmp'
/usr/local/bin/cmake -E cmake_progress_report /home/ctai/catkin_ws2/build/motoman_sda10f_support/CMakeFiles/CMakeTmp/CMakeFiles 1
Building C object CMakeFiles/cmTryCompileExec3966650423.dir/CheckSymbolExists.c.o
/usr/bin/cc    -o CMakeFiles/cmTryCompileExec3966650423.dir/CheckSymbolExists.c.o   -c /home/ctai/catkin_ws2/build/motoman_sda10f_support/CMakeFiles/CMakeTmp/CheckSymbolExists.c
Linking C executable cmTryCompileExec3966650423
/usr/local/bin/cmake -E cmake_link_script CMakeFiles/cmTryCompileExec3966650423.dir/link.txt --verbose=1
/usr/bin/cc       CMakeFiles/cmTryCompileExec3966650423.dir/CheckSymbolExists.c.o  -o cmTryCompileExec3966650423 -rdynamic 
CMakeFiles/cmTryCompileExec3966650423.dir/CheckSymbolExists.c.o: In function `main':
CheckSymbolExists.c:(.text+0x16): undefined reference to `pthread_create'
collect2: error: ld returned 1 exit status
CMakeFiles/cmTryCompileExec3966650423.dir/build.make:88: recipe for target 'cmTryCompileExec3966650423' failed
make[1]: *** [cmTryCompileExec3966650423] Error 1
make[1]: Leaving directory '/home/ctai/catkin_ws2/build/motoman_sda10f_support/CMakeFiles/CMakeTmp'
Makefile:117: recipe for target 'cmTryCompileExec3966650423/fast' failed
make: *** [cmTryCompileExec3966650423/fast] Error 2

File /home/ctai/catkin_ws2/build/motoman_sda10f_support/CMakeFiles/CMakeTmp/CheckSymbolExists.c:
/* */
#include <pthread.h>

int main(int argc, char** argv)
{
  (void)argv;
#ifndef pthread_create
  return ((int*)(&pthread_create))[argc];
#else
  (void)argc;
  return 0;
#endif
}

Determining if the function pthread_create exists in the pthreads failed with the following output:
Change Dir: /home/ctai/catkin_ws2/build/motoman_sda10f_support/CMakeFiles/CMakeTmp

Run Build Command:"/usr/bin/make" "cmTryCompileExec1895216627/fast"
/usr/bin/make -f CMakeFiles/cmTryCompileExec1895216627.dir/build.make CMakeFiles/cmTryCompileExec1895216627.dir/build
make[1]: Entering directory '/home/ctai/catkin_ws2/build/motoman_sda10f_support/CMakeFiles/CMakeTmp'
/usr/local/bin/cmake -E cmake_progress_report /home/ctai/catkin_ws2/build/motoman_sda10f_support/CMakeFiles/CMakeTmp/CMakeFiles 1
Building C object CMakeFiles/cmTryCompileExec1895216627.dir/CheckFunctionExists.c.o
/usr/bin/cc   -DCHECK_FUNCTION_EXISTS=pthread_create   -o CMakeFiles/cmTryCompileExec1895216627.dir/CheckFunctionExists.c.o   -c /usr/local/share/cmake-3.2/Modules/CheckFunctionExists.c
Linking C executable cmTryCompileExec1895216627
/usr/local/bin/cmake -E cmake_link_script CMakeFiles/cmTryCompileExec1895216627.dir/link.txt --verbose=1
/usr/bin/cc   -DCHECK_FUNCTION_EXISTS=pthread_create    CMakeFiles/cmTryCompileExec1895216627.dir/CheckFunctionExists.c.o  -o cmTryCompileExec1895216627 -rdynamic -lpthreads 
/usr/bin/ld: cannot find -lpthreads
collect2: error: ld returned 1 exit status
CMakeFiles/cmTryCompileExec1895216627.dir/build.make:88: recipe for target 'cmTryCompileExec1895216627' failed
make[1]: Leaving directory '/home/ctai/catkin_ws2/build/motoman_sda10f_support/CMakeFiles/CMakeTmp'
make[1]: *** [cmTryCompileExec1895216627] Error 1
Makefile:117: recipe for target 'cmTryCompileExec1895216627/fast' failed
make: *** [cmTryCompileExec1895216627/fast] Error 2


